02.11.2023 - 18:51:35 - [TAB v4.0.3] An error was thrown when executing task
02.11.2023 - 18:51:35 - java.lang.NullPointerException: Cannot invoke "me.neznamy.tab.shared.features.alignedplayerlist.PlayerView.load()" because the return value of "java.util.Map.get(Object)" is null
02.11.2023 - 18:51:35 - 	at TAB v4.0.3.jar//me.neznamy.tab.shared.features.alignedplayerlist.AlignedPlayerList.lambda$onJoin$1(AlignedPlayerList.java:93)
02.11.2023 - 18:51:35 - 	at TAB v4.0.3.jar//me.neznamy.tab.shared.CpuManager.lambda$runMeasuredTask$11(CpuManager.java:226)
02.11.2023 - 18:51:35 - 	at TAB v4.0.3.jar//me.neznamy.tab.shared.CpuManager.run(CpuManager.java:252)
02.11.2023 - 18:51:35 - 	at TAB v4.0.3.jar//me.neznamy.tab.shared.CpuManager.lambda$submit$1(CpuManager.java:105)
02.11.2023 - 18:51:35 - 	at java.base/java.util.concurrent.Executors$RunnableAdapter.call(Executors.java:539)
02.11.2023 - 18:51:35 - 	at java.base/java.util.concurrent.FutureTask.run(FutureTask.java:264)
02.11.2023 - 18:51:35 - 	at java.base/java.util.concurrent.ScheduledThreadPoolExecutor$ScheduledFutureTask.run(ScheduledThreadPoolExecutor.java:304)
02.11.2023 - 18:51:35 - 	at java.base/java.util.concurrent.ThreadPoolExecutor.runWorker(ThreadPoolExecutor.java:1136)
02.11.2023 - 18:51:35 - 	at java.base/java.util.concurrent.ThreadPoolExecutor$Worker.run(ThreadPoolExecutor.java:635)
02.11.2023 - 18:51:35 - 	at java.base/java.lang.Thread.run(Thread.java:840)
03.11.2023 - 22:03:28 - [TAB v4.0.3] An error was thrown when executing task
03.11.2023 - 22:03:28 - java.lang.NullPointerException: Cannot invoke "me.neznamy.tab.shared.features.alignedplayerlist.PlayerView.load()" because the return value of "java.util.Map.get(Object)" is null
03.11.2023 - 22:03:28 - 	at TAB v4.0.3.jar//me.neznamy.tab.shared.features.alignedplayerlist.AlignedPlayerList.lambda$onJoin$1(AlignedPlayerList.java:93)
03.11.2023 - 22:03:28 - 	at TAB v4.0.3.jar//me.neznamy.tab.shared.CpuManager.lambda$runMeasuredTask$11(CpuManager.java:226)
03.11.2023 - 22:03:28 - 	at TAB v4.0.3.jar//me.neznamy.tab.shared.CpuManager.run(CpuManager.java:252)
03.11.2023 - 22:03:28 - 	at TAB v4.0.3.jar//me.neznamy.tab.shared.CpuManager.lambda$submit$1(CpuManager.java:105)
03.11.2023 - 22:03:28 - 	at java.base/java.util.concurrent.Executors$RunnableAdapter.call(Executors.java:539)
03.11.2023 - 22:03:28 - 	at java.base/java.util.concurrent.FutureTask.run(FutureTask.java:264)
03.11.2023 - 22:03:28 - 	at java.base/java.util.concurrent.ScheduledThreadPoolExecutor$ScheduledFutureTask.run(ScheduledThreadPoolExecutor.java:304)
03.11.2023 - 22:03:28 - 	at java.base/java.util.concurrent.ThreadPoolExecutor.runWorker(ThreadPoolExecutor.java:1136)
03.11.2023 - 22:03:28 - 	at java.base/java.util.concurrent.ThreadPoolExecutor$Worker.run(ThreadPoolExecutor.java:635)
03.11.2023 - 22:03:28 - 	at java.base/java.lang.Thread.run(Thread.java:840)
04.11.2023 - 15:21:40 - [TAB v4.0.3] An error was thrown when executing task
04.11.2023 - 15:21:40 - java.lang.NullPointerException: Cannot invoke "me.neznamy.tab.shared.features.alignedplayerlist.PlayerView.load()" because the return value of "java.util.Map.get(Object)" is null
04.11.2023 - 15:21:40 - 	at TAB v4.0.3.jar//me.neznamy.tab.shared.features.alignedplayerlist.AlignedPlayerList.lambda$onJoin$1(AlignedPlayerList.java:93)
04.11.2023 - 15:21:40 - 	at TAB v4.0.3.jar//me.neznamy.tab.shared.CpuManager.lambda$runMeasuredTask$11(CpuManager.java:226)
04.11.2023 - 15:21:40 - 	at TAB v4.0.3.jar//me.neznamy.tab.shared.CpuManager.run(CpuManager.java:252)
04.11.2023 - 15:21:40 - 	at TAB v4.0.3.jar//me.neznamy.tab.shared.CpuManager.lambda$submit$1(CpuManager.java:105)
04.11.2023 - 15:21:40 - 	at java.base/java.util.concurrent.Executors$RunnableAdapter.call(Executors.java:539)
04.11.2023 - 15:21:40 - 	at java.base/java.util.concurrent.FutureTask.run(FutureTask.java:264)
04.11.2023 - 15:21:40 - 	at java.base/java.util.concurrent.ScheduledThreadPoolExecutor$ScheduledFutureTask.run(ScheduledThreadPoolExecutor.java:304)
04.11.2023 - 15:21:40 - 	at java.base/java.util.concurrent.ThreadPoolExecutor.runWorker(ThreadPoolExecutor.java:1136)
04.11.2023 - 15:21:40 - 	at java.base/java.util.concurrent.ThreadPoolExecutor$Worker.run(ThreadPoolExecutor.java:635)
04.11.2023 - 15:21:40 - 	at java.base/java.lang.Thread.run(Thread.java:840)
04.11.2023 - 15:32:11 - [TAB v4.0.3] An error was thrown when executing task
04.11.2023 - 15:32:11 - java.lang.NullPointerException: Cannot invoke "me.neznamy.tab.shared.features.alignedplayerlist.PlayerView.load()" because the return value of "java.util.Map.get(Object)" is null
04.11.2023 - 15:32:11 - 	at TAB v4.0.3.jar//me.neznamy.tab.shared.features.alignedplayerlist.AlignedPlayerList.lambda$onJoin$1(AlignedPlayerList.java:93)
04.11.2023 - 15:32:11 - 	at TAB v4.0.3.jar//me.neznamy.tab.shared.CpuManager.lambda$runMeasuredTask$11(CpuManager.java:226)
04.11.2023 - 15:32:11 - 	at TAB v4.0.3.jar//me.neznamy.tab.shared.CpuManager.run(CpuManager.java:252)
04.11.2023 - 15:32:11 - 	at TAB v4.0.3.jar//me.neznamy.tab.shared.CpuManager.lambda$submit$1(CpuManager.java:105)
04.11.2023 - 15:32:11 - 	at java.base/java.util.concurrent.Executors$RunnableAdapter.call(Executors.java:539)
04.11.2023 - 15:32:11 - 	at java.base/java.util.concurrent.FutureTask.run(FutureTask.java:264)
04.11.2023 - 15:32:11 - 	at java.base/java.util.concurrent.ScheduledThreadPoolExecutor$ScheduledFutureTask.run(ScheduledThreadPoolExecutor.java:304)
04.11.2023 - 15:32:11 - 	at java.base/java.util.concurrent.ThreadPoolExecutor.runWorker(ThreadPoolExecutor.java:1136)
04.11.2023 - 15:32:11 - 	at java.base/java.util.concurrent.ThreadPoolExecutor$Worker.run(ThreadPoolExecutor.java:635)
04.11.2023 - 15:32:11 - 	at java.base/java.lang.Thread.run(Thread.java:840)
04.11.2023 - 15:36:22 - [TAB v4.0.3] An error was thrown when executing task
04.11.2023 - 15:36:22 - java.lang.NullPointerException: Cannot invoke "me.neznamy.tab.shared.features.alignedplayerlist.PlayerView.load()" because the return value of "java.util.Map.get(Object)" is null
04.11.2023 - 15:36:22 - 	at TAB v4.0.3.jar//me.neznamy.tab.shared.features.alignedplayerlist.AlignedPlayerList.lambda$onJoin$1(AlignedPlayerList.java:93)
04.11.2023 - 15:36:22 - 	at TAB v4.0.3.jar//me.neznamy.tab.shared.CpuManager.lambda$runMeasuredTask$11(CpuManager.java:226)
04.11.2023 - 15:36:22 - 	at TAB v4.0.3.jar//me.neznamy.tab.shared.CpuManager.run(CpuManager.java:252)
04.11.2023 - 15:36:22 - 	at TAB v4.0.3.jar//me.neznamy.tab.shared.CpuManager.lambda$submit$1(CpuManager.java:105)
04.11.2023 - 15:36:22 - 	at java.base/java.util.concurrent.Executors$RunnableAdapter.call(Executors.java:539)
04.11.2023 - 15:36:22 - 	at java.base/java.util.concurrent.FutureTask.run(FutureTask.java:264)
04.11.2023 - 15:36:22 - 	at java.base/java.util.concurrent.ScheduledThreadPoolExecutor$ScheduledFutureTask.run(ScheduledThreadPoolExecutor.java:304)
04.11.2023 - 15:36:22 - 	at java.base/java.util.concurrent.ThreadPoolExecutor.runWorker(ThreadPoolExecutor.java:1136)
04.11.2023 - 15:36:22 - 	at java.base/java.util.concurrent.ThreadPoolExecutor$Worker.run(ThreadPoolExecutor.java:635)
04.11.2023 - 15:36:22 - 	at java.base/java.lang.Thread.run(Thread.java:840)
07.11.2023 - 11:57:44 - [TAB v4.0.3] An error was thrown when executing task
07.11.2023 - 11:57:44 - java.lang.NullPointerException: Cannot invoke "me.neznamy.tab.shared.features.alignedplayerlist.PlayerView.load()" because the return value of "java.util.Map.get(Object)" is null
07.11.2023 - 11:57:44 - 	at TAB v4.0.3.jar//me.neznamy.tab.shared.features.alignedplayerlist.AlignedPlayerList.lambda$onJoin$1(AlignedPlayerList.java:93)
07.11.2023 - 11:57:44 - 	at TAB v4.0.3.jar//me.neznamy.tab.shared.CpuManager.lambda$runMeasuredTask$11(CpuManager.java:226)
07.11.2023 - 11:57:44 - 	at TAB v4.0.3.jar//me.neznamy.tab.shared.CpuManager.run(CpuManager.java:252)
07.11.2023 - 11:57:44 - 	at TAB v4.0.3.jar//me.neznamy.tab.shared.CpuManager.lambda$submit$1(CpuManager.java:105)
07.11.2023 - 11:57:44 - 	at java.base/java.util.concurrent.Executors$RunnableAdapter.call(Executors.java:539)
07.11.2023 - 11:57:44 - 	at java.base/java.util.concurrent.FutureTask.run(FutureTask.java:264)
07.11.2023 - 11:57:44 - 	at java.base/java.util.concurrent.ScheduledThreadPoolExecutor$ScheduledFutureTask.run(ScheduledThreadPoolExecutor.java:304)
07.11.2023 - 11:57:44 - 	at java.base/java.util.concurrent.ThreadPoolExecutor.runWorker(ThreadPoolExecutor.java:1136)
07.11.2023 - 11:57:44 - 	at java.base/java.util.concurrent.ThreadPoolExecutor$Worker.run(ThreadPoolExecutor.java:635)
07.11.2023 - 11:57:44 - 	at java.base/java.lang.Thread.run(Thread.java:840)
12.11.2023 - 14:06:37 - [TAB v4.0.3] An error was thrown when executing task
12.11.2023 - 14:06:37 - java.lang.NullPointerException: Cannot invoke "me.neznamy.tab.shared.features.alignedplayerlist.PlayerView.load()" because the return value of "java.util.Map.get(Object)" is null
12.11.2023 - 14:06:37 - 	at TAB v4.0.3.jar//me.neznamy.tab.shared.features.alignedplayerlist.AlignedPlayerList.lambda$onJoin$1(AlignedPlayerList.java:93)
12.11.2023 - 14:06:37 - 	at TAB v4.0.3.jar//me.neznamy.tab.shared.CpuManager.lambda$runMeasuredTask$11(CpuManager.java:226)
12.11.2023 - 14:06:37 - 	at TAB v4.0.3.jar//me.neznamy.tab.shared.CpuManager.run(CpuManager.java:252)
12.11.2023 - 14:06:37 - 	at TAB v4.0.3.jar//me.neznamy.tab.shared.CpuManager.lambda$submit$1(CpuManager.java:105)
12.11.2023 - 14:06:37 - 	at java.base/java.util.concurrent.Executors$RunnableAdapter.call(Executors.java:539)
12.11.2023 - 14:06:37 - 	at java.base/java.util.concurrent.FutureTask.run(FutureTask.java:264)
12.11.2023 - 14:06:37 - 	at java.base/java.util.concurrent.ScheduledThreadPoolExecutor$ScheduledFutureTask.run(ScheduledThreadPoolExecutor.java:304)
12.11.2023 - 14:06:37 - 	at java.base/java.util.concurrent.ThreadPoolExecutor.runWorker(ThreadPoolExecutor.java:1136)
12.11.2023 - 14:06:37 - 	at java.base/java.util.concurrent.ThreadPoolExecutor$Worker.run(ThreadPoolExecutor.java:635)
12.11.2023 - 14:06:37 - 	at java.base/java.lang.Thread.run(Thread.java:840)
16.11.2023 - 18:10:32 - [TAB v4.0.3] An error was thrown when executing task
16.11.2023 - 18:10:32 - java.lang.NullPointerException: Cannot invoke "me.neznamy.tab.shared.features.alignedplayerlist.PlayerView.load()" because the return value of "java.util.Map.get(Object)" is null
16.11.2023 - 18:10:32 - 	at TAB v4.0.3.jar//me.neznamy.tab.shared.features.alignedplayerlist.AlignedPlayerList.lambda$onJoin$1(AlignedPlayerList.java:93)
16.11.2023 - 18:10:32 - 	at TAB v4.0.3.jar//me.neznamy.tab.shared.CpuManager.lambda$runMeasuredTask$11(CpuManager.java:226)
16.11.2023 - 18:10:32 - 	at TAB v4.0.3.jar//me.neznamy.tab.shared.CpuManager.run(CpuManager.java:252)
16.11.2023 - 18:10:32 - 	at TAB v4.0.3.jar//me.neznamy.tab.shared.CpuManager.lambda$submit$1(CpuManager.java:105)
16.11.2023 - 18:10:32 - 	at java.base/java.util.concurrent.Executors$RunnableAdapter.call(Executors.java:539)
16.11.2023 - 18:10:32 - 	at java.base/java.util.concurrent.FutureTask.run(FutureTask.java:264)
16.11.2023 - 18:10:32 - 	at java.base/java.util.concurrent.ScheduledThreadPoolExecutor$ScheduledFutureTask.run(ScheduledThreadPoolExecutor.java:304)
16.11.2023 - 18:10:32 - 	at java.base/java.util.concurrent.ThreadPoolExecutor.runWorker(ThreadPoolExecutor.java:1136)
16.11.2023 - 18:10:32 - 	at java.base/java.util.concurrent.ThreadPoolExecutor$Worker.run(ThreadPoolExecutor.java:635)
16.11.2023 - 18:10:32 - 	at java.base/java.lang.Thread.run(Thread.java:840)
17.11.2023 - 12:12:42 - [TAB v4.0.3] An error was thrown when executing task
17.11.2023 - 12:12:42 - java.lang.NullPointerException: Cannot invoke "me.neznamy.tab.shared.features.alignedplayerlist.PlayerView.load()" because the return value of "java.util.Map.get(Object)" is null
17.11.2023 - 12:12:42 - 	at TAB v4.0.3.jar//me.neznamy.tab.shared.features.alignedplayerlist.AlignedPlayerList.lambda$onJoin$1(AlignedPlayerList.java:93)
17.11.2023 - 12:12:42 - 	at TAB v4.0.3.jar//me.neznamy.tab.shared.CpuManager.lambda$runMeasuredTask$11(CpuManager.java:226)
17.11.2023 - 12:12:42 - 	at TAB v4.0.3.jar//me.neznamy.tab.shared.CpuManager.run(CpuManager.java:252)
17.11.2023 - 12:12:42 - 	at TAB v4.0.3.jar//me.neznamy.tab.shared.CpuManager.lambda$submit$1(CpuManager.java:105)
17.11.2023 - 12:12:42 - 	at java.base/java.util.concurrent.Executors$RunnableAdapter.call(Executors.java:539)
17.11.2023 - 12:12:42 - 	at java.base/java.util.concurrent.FutureTask.run(FutureTask.java:264)
17.11.2023 - 12:12:42 - 	at java.base/java.util.concurrent.ScheduledThreadPoolExecutor$ScheduledFutureTask.run(ScheduledThreadPoolExecutor.java:304)
17.11.2023 - 12:12:42 - 	at java.base/java.util.concurrent.ThreadPoolExecutor.runWorker(ThreadPoolExecutor.java:1136)
17.11.2023 - 12:12:42 - 	at java.base/java.util.concurrent.ThreadPoolExecutor$Worker.run(ThreadPoolExecutor.java:635)
17.11.2023 - 12:12:42 - 	at java.base/java.lang.Thread.run(Thread.java:840)
17.11.2023 - 13:11:55 - [TAB v4.0.3] An error was thrown when executing task
17.11.2023 - 13:11:55 - java.lang.NullPointerException: Cannot invoke "me.neznamy.tab.shared.features.alignedplayerlist.PlayerView.load()" because the return value of "java.util.Map.get(Object)" is null
17.11.2023 - 13:11:55 - 	at TAB v4.0.3.jar//me.neznamy.tab.shared.features.alignedplayerlist.AlignedPlayerList.lambda$onJoin$1(AlignedPlayerList.java:93)
17.11.2023 - 13:11:55 - 	at TAB v4.0.3.jar//me.neznamy.tab.shared.CpuManager.lambda$runMeasuredTask$11(CpuManager.java:226)
17.11.2023 - 13:11:55 - 	at TAB v4.0.3.jar//me.neznamy.tab.shared.CpuManager.run(CpuManager.java:252)
17.11.2023 - 13:11:55 - 	at TAB v4.0.3.jar//me.neznamy.tab.shared.CpuManager.lambda$submit$1(CpuManager.java:105)
17.11.2023 - 13:11:55 - 	at java.base/java.util.concurrent.Executors$RunnableAdapter.call(Executors.java:539)
17.11.2023 - 13:11:55 - 	at java.base/java.util.concurrent.FutureTask.run(FutureTask.java:264)
17.11.2023 - 13:11:55 - 	at java.base/java.util.concurrent.ScheduledThreadPoolExecutor$ScheduledFutureTask.run(ScheduledThreadPoolExecutor.java:304)
17.11.2023 - 13:11:55 - 	at java.base/java.util.concurrent.ThreadPoolExecutor.runWorker(ThreadPoolExecutor.java:1136)
17.11.2023 - 13:11:55 - 	at java.base/java.util.concurrent.ThreadPoolExecutor$Worker.run(ThreadPoolExecutor.java:635)
17.11.2023 - 13:11:55 - 	at java.base/java.lang.Thread.run(Thread.java:840)
20.11.2023 - 22:48:46 - [TAB v4.0.3] An error was thrown when executing task
20.11.2023 - 22:48:46 - java.lang.NullPointerException: Cannot invoke "me.neznamy.tab.shared.features.alignedplayerlist.PlayerView.load()" because the return value of "java.util.Map.get(Object)" is null
20.11.2023 - 22:48:46 - 	at TAB v4.0.3.jar//me.neznamy.tab.shared.features.alignedplayerlist.AlignedPlayerList.lambda$onJoin$1(AlignedPlayerList.java:93)
20.11.2023 - 22:48:46 - 	at TAB v4.0.3.jar//me.neznamy.tab.shared.CpuManager.lambda$runMeasuredTask$11(CpuManager.java:226)
20.11.2023 - 22:48:46 - 	at TAB v4.0.3.jar//me.neznamy.tab.shared.CpuManager.run(CpuManager.java:252)
20.11.2023 - 22:48:46 - 	at TAB v4.0.3.jar//me.neznamy.tab.shared.CpuManager.lambda$submit$1(CpuManager.java:105)
20.11.2023 - 22:48:46 - 	at java.base/java.util.concurrent.Executors$RunnableAdapter.call(Executors.java:539)
20.11.2023 - 22:48:46 - 	at java.base/java.util.concurrent.FutureTask.run(FutureTask.java:264)
20.11.2023 - 22:48:46 - 	at java.base/java.util.concurrent.ScheduledThreadPoolExecutor$ScheduledFutureTask.run(ScheduledThreadPoolExecutor.java:304)
20.11.2023 - 22:48:46 - 	at java.base/java.util.concurrent.ThreadPoolExecutor.runWorker(ThreadPoolExecutor.java:1136)
20.11.2023 - 22:48:46 - 	at java.base/java.util.concurrent.ThreadPoolExecutor$Worker.run(ThreadPoolExecutor.java:635)
20.11.2023 - 22:48:46 - 	at java.base/java.lang.Thread.run(Thread.java:840)
24.11.2023 - 21:29:16 - [TAB v4.0.3] An error was thrown when executing task
24.11.2023 - 21:29:16 - java.lang.NullPointerException: Cannot invoke "me.neznamy.tab.shared.features.alignedplayerlist.PlayerView.load()" because the return value of "java.util.Map.get(Object)" is null
24.11.2023 - 21:29:16 - 	at TAB v4.0.3.jar//me.neznamy.tab.shared.features.alignedplayerlist.AlignedPlayerList.lambda$onJoin$1(AlignedPlayerList.java:93)
24.11.2023 - 21:29:16 - 	at TAB v4.0.3.jar//me.neznamy.tab.shared.CpuManager.lambda$runMeasuredTask$11(CpuManager.java:226)
24.11.2023 - 21:29:16 - 	at TAB v4.0.3.jar//me.neznamy.tab.shared.CpuManager.run(CpuManager.java:252)
24.11.2023 - 21:29:16 - 	at TAB v4.0.3.jar//me.neznamy.tab.shared.CpuManager.lambda$submit$1(CpuManager.java:105)
24.11.2023 - 21:29:16 - 	at java.base/java.util.concurrent.Executors$RunnableAdapter.call(Executors.java:539)
24.11.2023 - 21:29:16 - 	at java.base/java.util.concurrent.FutureTask.run(FutureTask.java:264)
24.11.2023 - 21:29:16 - 	at java.base/java.util.concurrent.ScheduledThreadPoolExecutor$ScheduledFutureTask.run(ScheduledThreadPoolExecutor.java:304)
24.11.2023 - 21:29:16 - 	at java.base/java.util.concurrent.ThreadPoolExecutor.runWorker(ThreadPoolExecutor.java:1136)
24.11.2023 - 21:29:16 - 	at java.base/java.util.concurrent.ThreadPoolExecutor$Worker.run(ThreadPoolExecutor.java:635)
24.11.2023 - 21:29:16 - 	at java.base/java.lang.Thread.run(Thread.java:840)
25.11.2023 - 02:59:20 - [TAB v4.0.3] An error was thrown when executing task
25.11.2023 - 02:59:20 - java.lang.NullPointerException: Cannot invoke "me.neznamy.tab.shared.features.alignedplayerlist.PlayerView.load()" because the return value of "java.util.Map.get(Object)" is null
25.11.2023 - 02:59:20 - 	at TAB v4.0.3.jar//me.neznamy.tab.shared.features.alignedplayerlist.AlignedPlayerList.lambda$onJoin$1(AlignedPlayerList.java:93)
25.11.2023 - 02:59:20 - 	at TAB v4.0.3.jar//me.neznamy.tab.shared.CpuManager.lambda$runMeasuredTask$11(CpuManager.java:226)
25.11.2023 - 02:59:20 - 	at TAB v4.0.3.jar//me.neznamy.tab.shared.CpuManager.run(CpuManager.java:252)
25.11.2023 - 02:59:20 - 	at TAB v4.0.3.jar//me.neznamy.tab.shared.CpuManager.lambda$submit$1(CpuManager.java:105)
25.11.2023 - 02:59:20 - 	at java.base/java.util.concurrent.Executors$RunnableAdapter.call(Executors.java:539)
25.11.2023 - 02:59:20 - 	at java.base/java.util.concurrent.FutureTask.run(FutureTask.java:264)
25.11.2023 - 02:59:20 - 	at java.base/java.util.concurrent.ScheduledThreadPoolExecutor$ScheduledFutureTask.run(ScheduledThreadPoolExecutor.java:304)
25.11.2023 - 02:59:20 - 	at java.base/java.util.concurrent.ThreadPoolExecutor.runWorker(ThreadPoolExecutor.java:1136)
25.11.2023 - 02:59:20 - 	at java.base/java.util.concurrent.ThreadPoolExecutor$Worker.run(ThreadPoolExecutor.java:635)
25.11.2023 - 02:59:20 - 	at java.base/java.lang.Thread.run(Thread.java:840)
25.11.2023 - 03:07:14 - [TAB v4.0.3] An error was thrown when executing task
25.11.2023 - 03:07:14 - java.lang.NullPointerException: Cannot invoke "me.neznamy.tab.shared.features.alignedplayerlist.PlayerView.load()" because the return value of "java.util.Map.get(Object)" is null
25.11.2023 - 03:07:14 - 	at TAB v4.0.3.jar//me.neznamy.tab.shared.features.alignedplayerlist.AlignedPlayerList.lambda$onJoin$1(AlignedPlayerList.java:93)
25.11.2023 - 03:07:14 - 	at TAB v4.0.3.jar//me.neznamy.tab.shared.CpuManager.lambda$runMeasuredTask$11(CpuManager.java:226)
25.11.2023 - 03:07:14 - 	at TAB v4.0.3.jar//me.neznamy.tab.shared.CpuManager.run(CpuManager.java:252)
25.11.2023 - 03:07:14 - 	at TAB v4.0.3.jar//me.neznamy.tab.shared.CpuManager.lambda$submit$1(CpuManager.java:105)
25.11.2023 - 03:07:14 - 	at java.base/java.util.concurrent.Executors$RunnableAdapter.call(Executors.java:539)
25.11.2023 - 03:07:14 - 	at java.base/java.util.concurrent.FutureTask.run(FutureTask.java:264)
25.11.2023 - 03:07:14 - 	at java.base/java.util.concurrent.ScheduledThreadPoolExecutor$ScheduledFutureTask.run(ScheduledThreadPoolExecutor.java:304)
25.11.2023 - 03:07:14 - 	at java.base/java.util.concurrent.ThreadPoolExecutor.runWorker(ThreadPoolExecutor.java:1136)
25.11.2023 - 03:07:14 - 	at java.base/java.util.concurrent.ThreadPoolExecutor$Worker.run(ThreadPoolExecutor.java:635)
25.11.2023 - 03:07:14 - 	at java.base/java.lang.Thread.run(Thread.java:840)
25.11.2023 - 03:38:50 - [TAB v4.0.3] An error was thrown when executing task
25.11.2023 - 03:38:50 - java.lang.NullPointerException: Cannot invoke "me.neznamy.tab.shared.features.alignedplayerlist.PlayerView.load()" because the return value of "java.util.Map.get(Object)" is null
25.11.2023 - 03:38:50 - 	at TAB v4.0.3.jar//me.neznamy.tab.shared.features.alignedplayerlist.AlignedPlayerList.lambda$onJoin$1(AlignedPlayerList.java:93)
25.11.2023 - 03:38:50 - 	at TAB v4.0.3.jar//me.neznamy.tab.shared.CpuManager.lambda$runMeasuredTask$11(CpuManager.java:226)
25.11.2023 - 03:38:50 - 	at TAB v4.0.3.jar//me.neznamy.tab.shared.CpuManager.run(CpuManager.java:252)
25.11.2023 - 03:38:50 - 	at TAB v4.0.3.jar//me.neznamy.tab.shared.CpuManager.lambda$submit$1(CpuManager.java:105)
25.11.2023 - 03:38:50 - 	at java.base/java.util.concurrent.Executors$RunnableAdapter.call(Executors.java:539)
25.11.2023 - 03:38:50 - 	at java.base/java.util.concurrent.FutureTask.run(FutureTask.java:264)
25.11.2023 - 03:38:50 - 	at java.base/java.util.concurrent.ScheduledThreadPoolExecutor$ScheduledFutureTask.run(ScheduledThreadPoolExecutor.java:304)
25.11.2023 - 03:38:50 - 	at java.base/java.util.concurrent.ThreadPoolExecutor.runWorker(ThreadPoolExecutor.java:1136)
25.11.2023 - 03:38:50 - 	at java.base/java.util.concurrent.ThreadPoolExecutor$Worker.run(ThreadPoolExecutor.java:635)
25.11.2023 - 03:38:50 - 	at java.base/java.lang.Thread.run(Thread.java:840)
25.11.2023 - 03:43:46 - [TAB v4.0.3] An error was thrown when executing task
25.11.2023 - 03:43:46 - java.lang.NullPointerException: Cannot invoke "me.neznamy.tab.shared.features.alignedplayerlist.PlayerView.load()" because the return value of "java.util.Map.get(Object)" is null
25.11.2023 - 03:43:46 - 	at TAB v4.0.3.jar//me.neznamy.tab.shared.features.alignedplayerlist.AlignedPlayerList.lambda$onJoin$1(AlignedPlayerList.java:93)
25.11.2023 - 03:43:46 - 	at TAB v4.0.3.jar//me.neznamy.tab.shared.CpuManager.lambda$runMeasuredTask$11(CpuManager.java:226)
25.11.2023 - 03:43:46 - 	at TAB v4.0.3.jar//me.neznamy.tab.shared.CpuManager.run(CpuManager.java:252)
25.11.2023 - 03:43:46 - 	at TAB v4.0.3.jar//me.neznamy.tab.shared.CpuManager.lambda$submit$1(CpuManager.java:105)
25.11.2023 - 03:43:46 - 	at java.base/java.util.concurrent.Executors$RunnableAdapter.call(Executors.java:539)
25.11.2023 - 03:43:46 - 	at java.base/java.util.concurrent.FutureTask.run(FutureTask.java:264)
25.11.2023 - 03:43:46 - 	at java.base/java.util.concurrent.ScheduledThreadPoolExecutor$ScheduledFutureTask.run(ScheduledThreadPoolExecutor.java:304)
25.11.2023 - 03:43:46 - 	at java.base/java.util.concurrent.ThreadPoolExecutor.runWorker(ThreadPoolExecutor.java:1136)
25.11.2023 - 03:43:46 - 	at java.base/java.util.concurrent.ThreadPoolExecutor$Worker.run(ThreadPoolExecutor.java:635)
25.11.2023 - 03:43:46 - 	at java.base/java.lang.Thread.run(Thread.java:840)
25.11.2023 - 12:29:47 - [TAB v4.0.3] An error was thrown when executing task
25.11.2023 - 12:29:47 - java.lang.NullPointerException: Cannot invoke "me.neznamy.tab.shared.features.alignedplayerlist.PlayerView.load()" because the return value of "java.util.Map.get(Object)" is null
25.11.2023 - 12:29:47 - 	at TAB v4.0.3.jar//me.neznamy.tab.shared.features.alignedplayerlist.AlignedPlayerList.lambda$onJoin$1(AlignedPlayerList.java:93)
25.11.2023 - 12:29:47 - 	at TAB v4.0.3.jar//me.neznamy.tab.shared.CpuManager.lambda$runMeasuredTask$11(CpuManager.java:226)
25.11.2023 - 12:29:47 - 	at TAB v4.0.3.jar//me.neznamy.tab.shared.CpuManager.run(CpuManager.java:252)
25.11.2023 - 12:29:47 - 	at TAB v4.0.3.jar//me.neznamy.tab.shared.CpuManager.lambda$submit$1(CpuManager.java:105)
25.11.2023 - 12:29:47 - 	at java.base/java.util.concurrent.Executors$RunnableAdapter.call(Executors.java:539)
25.11.2023 - 12:29:47 - 	at java.base/java.util.concurrent.FutureTask.run(FutureTask.java:264)
25.11.2023 - 12:29:47 - 	at java.base/java.util.concurrent.ScheduledThreadPoolExecutor$ScheduledFutureTask.run(ScheduledThreadPoolExecutor.java:304)
25.11.2023 - 12:29:47 - 	at java.base/java.util.concurrent.ThreadPoolExecutor.runWorker(ThreadPoolExecutor.java:1136)
25.11.2023 - 12:29:47 - 	at java.base/java.util.concurrent.ThreadPoolExecutor$Worker.run(ThreadPoolExecutor.java:635)
25.11.2023 - 12:29:47 - 	at java.base/java.lang.Thread.run(Thread.java:840)
26.11.2023 - 02:02:04 - [TAB v4.0.3] An error was thrown when executing task
26.11.2023 - 02:02:04 - java.lang.NullPointerException: Cannot invoke "me.neznamy.tab.shared.features.alignedplayerlist.PlayerView.load()" because the return value of "java.util.Map.get(Object)" is null
26.11.2023 - 02:02:04 - 	at TAB v4.0.3.jar//me.neznamy.tab.shared.features.alignedplayerlist.AlignedPlayerList.lambda$onJoin$1(AlignedPlayerList.java:93)
26.11.2023 - 02:02:04 - 	at TAB v4.0.3.jar//me.neznamy.tab.shared.CpuManager.lambda$runMeasuredTask$11(CpuManager.java:226)
26.11.2023 - 02:02:04 - 	at TAB v4.0.3.jar//me.neznamy.tab.shared.CpuManager.run(CpuManager.java:252)
26.11.2023 - 02:02:04 - 	at TAB v4.0.3.jar//me.neznamy.tab.shared.CpuManager.lambda$submit$1(CpuManager.java:105)
26.11.2023 - 02:02:04 - 	at java.base/java.util.concurrent.Executors$RunnableAdapter.call(Executors.java:539)
26.11.2023 - 02:02:04 - 	at java.base/java.util.concurrent.FutureTask.run(FutureTask.java:264)
26.11.2023 - 02:02:04 - 	at java.base/java.util.concurrent.ScheduledThreadPoolExecutor$ScheduledFutureTask.run(ScheduledThreadPoolExecutor.java:304)
26.11.2023 - 02:02:04 - 	at java.base/java.util.concurrent.ThreadPoolExecutor.runWorker(ThreadPoolExecutor.java:1136)
26.11.2023 - 02:02:04 - 	at java.base/java.util.concurrent.ThreadPoolExecutor$Worker.run(ThreadPoolExecutor.java:635)
26.11.2023 - 02:02:04 - 	at java.base/java.lang.Thread.run(Thread.java:840)
01.12.2023 - 23:31:33 - [TAB v4.0.3] An error was thrown when executing task
01.12.2023 - 23:31:33 - java.lang.NullPointerException: Cannot invoke "me.neznamy.tab.shared.features.alignedplayerlist.PlayerView.load()" because the return value of "java.util.Map.get(Object)" is null
01.12.2023 - 23:31:33 - 	at TAB v4.0.3.jar//me.neznamy.tab.shared.features.alignedplayerlist.AlignedPlayerList.lambda$onJoin$1(AlignedPlayerList.java:93)
01.12.2023 - 23:31:33 - 	at TAB v4.0.3.jar//me.neznamy.tab.shared.CpuManager.lambda$runMeasuredTask$11(CpuManager.java:226)
01.12.2023 - 23:31:33 - 	at TAB v4.0.3.jar//me.neznamy.tab.shared.CpuManager.run(CpuManager.java:252)
01.12.2023 - 23:31:33 - 	at TAB v4.0.3.jar//me.neznamy.tab.shared.CpuManager.lambda$submit$1(CpuManager.java:105)
01.12.2023 - 23:31:33 - 	at java.base/java.util.concurrent.Executors$RunnableAdapter.call(Executors.java:539)
01.12.2023 - 23:31:33 - 	at java.base/java.util.concurrent.FutureTask.run(FutureTask.java:264)
01.12.2023 - 23:31:33 - 	at java.base/java.util.concurrent.ScheduledThreadPoolExecutor$ScheduledFutureTask.run(ScheduledThreadPoolExecutor.java:304)
01.12.2023 - 23:31:33 - 	at java.base/java.util.concurrent.ThreadPoolExecutor.runWorker(ThreadPoolExecutor.java:1136)
01.12.2023 - 23:31:33 - 	at java.base/java.util.concurrent.ThreadPoolExecutor$Worker.run(ThreadPoolExecutor.java:635)
01.12.2023 - 23:31:33 - 	at java.base/java.lang.Thread.run(Thread.java:840)
