[30/10/2023 03:40:01] LEKING001 won SafariNet (Single-Use) (ID: safarinet_(single-use), Weight: 25.0) from Emerald Crate (ID: emerald)
[30/10/2023 03:40:03] LEKING001 won x5 Emerald Block (ID: emerald_block, Weight: 8.0) from Emerald Crate (ID: emerald)
[30/10/2023 03:40:04] LEKING001 won x5 Emerald Block (ID: emerald_block, Weight: 8.0) from Emerald Crate (ID: emerald)
[30/10/2023 03:40:05] LEKING001 won $25,000 (ID: $25,000, Weight: 4.0) from Emerald Crate (ID: emerald)
[30/10/2023 03:40:05] LEKING001 won Trident (ID: trident, Weight: 15.0) from Emerald Crate (ID: emerald)
[30/10/2023 03:40:06] LEKING001 won silk (ID: ||_<ᴅᴇᴠɪɴᴇ>_||2, Weight: 8.0) from Emerald Crate (ID: emerald)
[30/10/2023 03:40:06] LEKING001 won fortune 4 (ID: ||_<ᴅᴇᴠɪɴᴇ>_||, Weight: 5.0) from Emerald Crate (ID: emerald)
[30/10/2023 03:40:06] LEKING001 won SafariNet (Single-Use) (ID: safarinet_(single-use), Weight: 25.0) from Emerald Crate (ID: emerald)
[30/10/2023 03:40:07] LEKING001 won ◆ 10 Exp Levels ◆ (ID: exp10, Weight: 8.0) from Emerald Crate (ID: emerald)
[30/10/2023 03:40:07] LEKING001 won demon slayer (ID: 1, Weight: 3.0) from Emerald Crate (ID: emerald)
[30/10/2023 03:40:07] LEKING001 won x5 Diamond Block (ID: diamond_block, Weight: 11.0) from Emerald Crate (ID: emerald)
[30/10/2023 03:40:07] LEKING001 won x5 Netherite Ingot (ID: netherite_ingot, Weight: 16.0) from Emerald Crate (ID: emerald)
[30/10/2023 03:40:08] LEKING001 won SafariNet (Single-Use) (ID: safarinet_(single-use), Weight: 25.0) from Emerald Crate (ID: emerald)
[30/10/2023 03:40:08] LEKING001 won demon slayer (ID: 1, Weight: 3.0) from Emerald Crate (ID: emerald)
[30/10/2023 03:40:08] LEKING001 won x5 Diamond Block (ID: diamond_block, Weight: 11.0) from Emerald Crate (ID: emerald)
[30/10/2023 03:40:08] LEKING001 won SafariNet (Single-Use) (ID: safarinet_(single-use), Weight: 25.0) from Emerald Crate (ID: emerald)
[30/10/2023 03:40:09] LEKING001 won demon slayer (ID: 1, Weight: 3.0) from Emerald Crate (ID: emerald)
[30/10/2023 03:40:27] LEKING001 won $10,000 (ID: $10,000, Weight: 6.0) from Emerald Crate (ID: emerald)
[30/10/2023 03:40:27] LEKING001 won x5 Emerald Block (ID: emerald_block, Weight: 8.0) from Emerald Crate (ID: emerald)
[30/10/2023 03:40:27] LEKING001 won x5 Emerald Block (ID: emerald_block, Weight: 8.0) from Emerald Crate (ID: emerald)
[30/10/2023 03:40:28] LEKING001 won Trident (ID: trident, Weight: 15.0) from Emerald Crate (ID: emerald)
[30/10/2023 03:41:22] LEKING001 won Diamond Pickaxe (ID: diamond_pickaxe, Weight: 10.0) from Gold Crate Crate (ID: gold_crate)
[30/10/2023 04:10:00] LEKING001 won x5 Diamond Block (ID: diamond_block, Weight: 11.0) from Emerald Crate (ID: emerald)
[30/10/2023 04:12:32] LEKING001 won ᴍᴀx ꜱʜᴏᴠᴇʟ (ID: ᴍᴀx_ꜱʜᴏᴠᴇʟ1, Weight: 10.0) from Diamond Create (ID: golden)
[30/10/2023 04:12:56] LEKING001 won ᴏɴᴇ ᴍᴏɴᴛʜ ѕᴜᴘʀᴇᴍᴇ ʀᴀɴᴋ ᴠᴏᴜᴄʜᴇʀ (ID: ᴏɴᴇ_ᴍᴏɴᴛʜ_ѕᴜᴘʀᴇᴍᴇ_ʀᴀɴᴋ_ᴠᴏᴜᴄʜᴇʀ, Weight: 25.0) from Netherite Crate Crate (ID: netherite_crate)
[31/10/2023 00:31:07] G0J001 won Iron Chestplate (ID: iron_chestplate, Weight: 25.0) from Starter Crate (ID: starter_crate)
[31/10/2023 00:32:28] LEKING001 won 5000$ (ID: 5000$, Weight: 10.0) from Gold Crate Crate (ID: gold_crate)
[31/10/2023 00:50:06] G0J001 won Firework Rocket (ID: firework_rocket, Weight: 10.0) from Gold Crate Crate (ID: gold_crate)
[31/10/2023 00:51:24] G0J001 won Golden Apple (ID: golden_apple, Weight: 10.0) from Gold Crate Crate (ID: gold_crate)
[31/10/2023 00:51:26] G0J001 won Diamond Armor (ID: diamond_chestplate, Weight: 5.0) from Gold Crate Crate (ID: gold_crate)
[31/10/2023 00:51:27] G0J001 won Golden Apple (ID: golden_apple, Weight: 10.0) from Gold Crate Crate (ID: gold_crate)
[31/10/2023 00:51:28] G0J001 won Oak Log (ID: oak_log, Weight: 10.0) from Gold Crate Crate (ID: gold_crate)
[31/10/2023 00:51:29] G0J001 won Diamond Armor (ID: diamond_chestplate, Weight: 5.0) from Gold Crate Crate (ID: gold_crate)
[31/10/2023 00:51:30] G0J001 won Diamond Armor (ID: diamond_chestplate, Weight: 5.0) from Gold Crate Crate (ID: gold_crate)
[31/10/2023 00:51:52] G0J001 won Oak Log (ID: oak_log, Weight: 10.0) from Gold Crate Crate (ID: gold_crate)
[31/10/2023 00:56:41] G0J001 won Iron Block (ID: iron_block, Weight: 10.0) from Gold Crate Crate (ID: gold_crate)
[31/10/2023 19:07:32] FireGaMMerYT won ᴍᴀx ᴘɪᴄᴋᴀxᴇ ꜱɪʟᴋ ᴛᴏᴜᴄʜ (ID: ᴍᴀx_ᴘɪᴄᴋᴀxᴇ_ꜱɪʟᴋ_ᴛᴏᴜᴄʜ1, Weight: 10.0) from Diamond Create (ID: golden)
[31/10/2023 19:07:54] FireGaMMerYT won ᴍᴀx ꜱʜᴏᴠᴇʟ (ID: ᴍᴀx_ꜱʜᴏᴠᴇʟ1, Weight: 10.0) from Diamond Create (ID: golden)
[31/10/2023 19:08:46] FireGaMMerYT won Firework Rocket (ID: firework_rocket, Weight: 10.0) from Gold Crate Crate (ID: gold_crate)
[31/10/2023 19:09:06] FireGaMMerYT won iron kit (ID: iron_chestplate, Weight: 10.0) from Gold Crate Crate (ID: gold_crate)
[31/10/2023 19:09:54] FireGaMMerYT won ᴍᴀx ᴘɪᴄᴋᴀxᴇ ꜰᴏʀᴛᴜɴᴇ (ID: ᴍᴀx_ᴘɪᴄᴋᴀxᴇ_ꜰᴏʀᴛᴜɴᴇ1, Weight: 10.0) from Diamond Create (ID: golden)
[31/10/2023 19:10:14] FireGaMMerYT won ᴍᴀx ʙᴏᴏᴛs (ID: max_boots, Weight: 10.0) from Diamond Create (ID: golden)
[31/10/2023 19:10:57] FireGaMMerYT won ᴍᴀx ᴄʜᴇsᴛᴘʟᴀᴛᴇ (ID: netherite_chestplate_max, Weight: 5.0) from Diamond Create (ID: golden)
[31/10/2023 19:12:00] FireGaMMerYT won x5 Emerald Block (ID: emerald_block, Weight: 8.0) from Emerald Crate (ID: emerald)
[31/10/2023 19:12:30] FireGaMMerYT won lllWᴀʀʀɪᴏʀlll ᴋɪᴛ ᴠᴏᴜᴄʜᴇʀ (ID: 2, Weight: 1.0) from Emerald Crate (ID: emerald)
[31/10/2023 19:13:10] FireGaMMerYT won SafariNet (Single-Use) (ID: safarinet_(single-use), Weight: 25.0) from Emerald Crate (ID: emerald)
[31/10/2023 19:13:32] FireGaMMerYT won demon slayer (ID: 1, Weight: 3.0) from Emerald Crate (ID: emerald)
[31/10/2023 21:43:20] akshay_piroz won Oak Log (ID: oak_log, Weight: 10.0) from Gold Crate Crate (ID: gold_crate)
[31/10/2023 21:43:24] akshay_piroz won Firework Rocket (ID: firework_rocket, Weight: 10.0) from Gold Crate Crate (ID: gold_crate)
[31/10/2023 21:43:47] akshay_piroz won Iron Block (ID: iron_block, Weight: 10.0) from Gold Crate Crate (ID: gold_crate)
[31/10/2023 21:49:28] NotDarkBoy786 won iron kit (ID: iron_chestplate, Weight: 10.0) from Gold Crate Crate (ID: gold_crate)
[31/10/2023 21:51:12] NotDarkBoy786 won 5000$ (ID: 5000$, Weight: 10.0) from Gold Crate Crate (ID: gold_crate)
[31/10/2023 21:51:30] NotDarkBoy786 won SafariNet (ID: safarinet, Weight: 15.0) from Gold Crate Crate (ID: gold_crate)
[31/10/2023 21:51:47] NotDarkBoy786 won Diamond Armor (ID: diamond_chestplate, Weight: 5.0) from Gold Crate Crate (ID: gold_crate)
[01/11/2023 16:02:05] mabu_222 won SafariNet (Single-Use) (ID: safarinet_(single-use), Weight: 25.0) from Emerald Crate (ID: emerald)
[01/11/2023 16:02:07] mabu_222 won ◆ 30 Exp Levels ◆ (ID: exp30, Weight: 6.0) from Emerald Crate (ID: emerald)
[01/11/2023 16:02:11] mabu_222 won ᴍᴀx ꜱʜᴏᴠᴇʟ (ID: ᴍᴀx_ꜱʜᴏᴠᴇʟ, Weight: 5.0) from Diamond Create (ID: golden)
[01/11/2023 16:02:13] mabu_222 won ᴍᴀx ᴘɪᴄᴋᴀxᴇ ꜱɪʟᴋ ᴛᴏᴜᴄʜ (ID: ᴍᴀx_ᴘɪᴄᴋᴀxᴇ_ꜱɪʟᴋ_ᴛᴏᴜᴄʜ1, Weight: 10.0) from Diamond Create (ID: golden)
[01/11/2023 16:58:48] akshay_piroz won Diamond Pickaxe (ID: diamond_pickaxe, Weight: 10.0) from Gold Crate Crate (ID: gold_crate)
[01/11/2023 16:59:06] akshay_piroz won Golden Apple (ID: golden_apple, Weight: 10.0) from Gold Crate Crate (ID: gold_crate)
[01/11/2023 16:59:42] akshay_piroz won SafariNet (ID: safarinet, Weight: 15.0) from Gold Crate Crate (ID: gold_crate)
[01/11/2023 17:00:15] akshay_piroz won Diamond Armor (ID: diamond_chestplate, Weight: 5.0) from Gold Crate Crate (ID: gold_crate)
[01/11/2023 17:00:57] akshay_piroz won iron kit (ID: iron_chestplate, Weight: 10.0) from Gold Crate Crate (ID: gold_crate)
[01/11/2023 17:01:33] akshay_piroz won Diamond Armor (ID: diamond_chestplate, Weight: 5.0) from Gold Crate Crate (ID: gold_crate)
[01/11/2023 17:01:52] akshay_piroz won Diamond Pickaxe (ID: diamond_pickaxe, Weight: 10.0) from Gold Crate Crate (ID: gold_crate)
[01/11/2023 17:02:26] akshay_piroz won Diamond Armor (ID: diamond_chestplate, Weight: 5.0) from Gold Crate Crate (ID: gold_crate)
[01/11/2023 17:02:53] akshay_piroz won ɢᴏʟᴅ ᴄʀᴀᴛᴇ ᴋᴇʏ (ID: ɢᴏʟᴅ_ᴄʀᴀᴛᴇ_ᴋᴇᴛ, Weight: 7.0) from Gold Crate Crate (ID: gold_crate)
[01/11/2023 17:03:44] akshay_piroz won  10000$ (ID: _10000$, Weight: 5.0) from Gold Crate Crate (ID: gold_crate)
[01/11/2023 17:04:51] akshay_piroz won Firework Rocket (ID: firework_rocket, Weight: 10.0) from Gold Crate Crate (ID: gold_crate)
[01/11/2023 17:05:10] akshay_piroz won Diamond Pickaxe (ID: diamond_pickaxe, Weight: 10.0) from Gold Crate Crate (ID: gold_crate)
[02/11/2023 23:31:27] sdrone won Firework Rocket (ID: firework_rocket, Weight: 10.0) from Gold Crate Crate (ID: gold_crate)
[02/11/2023 23:31:49] sdrone won Oak Log (ID: oak_log, Weight: 10.0) from Gold Crate Crate (ID: gold_crate)
[02/11/2023 23:32:09] sdrone won ɢᴏʟᴅ ᴄʀᴀᴛᴇ ᴋᴇʏ (ID: ɢᴏʟᴅ_ᴄʀᴀᴛᴇ_ᴋᴇᴛ, Weight: 7.0) from Gold Crate Crate (ID: gold_crate)
[02/11/2023 23:32:27] sdrone won Firework Rocket (ID: firework_rocket, Weight: 10.0) from Gold Crate Crate (ID: gold_crate)
[02/11/2023 23:32:45] sdrone won Golden Apple (ID: golden_apple, Weight: 10.0) from Gold Crate Crate (ID: gold_crate)
[02/11/2023 23:33:03] sdrone won Oak Log (ID: oak_log, Weight: 10.0) from Gold Crate Crate (ID: gold_crate)
[02/11/2023 23:33:34] sdrone won Netherite Ingot (ID: netherite_ingot, Weight: 3.0) from Gold Crate Crate (ID: gold_crate)
[02/11/2023 23:33:36] sdrone won Diamond Armor (ID: diamond_chestplate, Weight: 5.0) from Gold Crate Crate (ID: gold_crate)
[02/11/2023 23:33:56] sdrone won Diamond Pickaxe (ID: diamond_pickaxe, Weight: 10.0) from Gold Crate Crate (ID: gold_crate)
[02/11/2023 23:33:58] sdrone won Oak Log (ID: oak_log, Weight: 10.0) from Gold Crate Crate (ID: gold_crate)
[02/11/2023 23:34:20] sdrone won Diamond Pickaxe (ID: diamond_pickaxe, Weight: 10.0) from Gold Crate Crate (ID: gold_crate)
[04/11/2023 11:59:09] PhizixMC won $50,000 (ID: $50,000, Weight: 2.0) from Emerald Crate (ID: emerald)
[04/11/2023 11:59:28] PhizixMC won x5 Emerald Block (ID: emerald_block, Weight: 8.0) from Emerald Crate (ID: emerald)
[04/11/2023 11:59:48] PhizixMC won ᴍᴀx ꜱᴡᴏʀᴅ (ID: ᴍᴀx_ꜱᴡᴏʀᴅ1, Weight: 10.0) from Diamond Create (ID: golden)
[04/11/2023 12:00:18] PhizixMC won ᴍᴀx ʜᴇʟᴍᴇᴛ (ID: netherite_helmet_max, Weight: 5.0) from Diamond Create (ID: golden)
[04/11/2023 12:00:31] PhizixMC won Iron Pickaxe (ID: iron_pickaxe, Weight: 25.0) from Starter Crate (ID: starter_crate)
[04/11/2023 12:00:54] PhizixMC won Enchanting Table (ID: enchanting_table, Weight: 25.0) from Starter Crate (ID: starter_crate)
[04/11/2023 13:53:12] K_Gaming won Iron Boots (ID: iron_boots, Weight: 25.0) from Starter Crate (ID: starter_crate)
[04/11/2023 13:53:18] K_Gaming won Iron Chestplate (ID: iron_chestplate, Weight: 25.0) from Starter Crate (ID: starter_crate)
[04/11/2023 17:14:14] zagi won ᴍᴀx ʙᴏᴏᴛs (ID: max_boots, Weight: 10.0) from Diamond Create (ID: golden)
[04/11/2023 17:14:37] zagi won ᴍᴀx ᴀxᴇ (ID: ᴍᴀx_ᴀxᴇ1, Weight: 10.0) from Diamond Create (ID: golden)
[04/11/2023 17:15:01] zagi won $25,000 (ID: $25,000, Weight: 4.0) from Emerald Crate (ID: emerald)
[04/11/2023 17:15:19] zagi won x5 Netherite Ingot (ID: netherite_ingot, Weight: 16.0) from Emerald Crate (ID: emerald)
[04/11/2023 17:15:44] zagi won Cooked Porkchop (ID: cooked_porkchop, Weight: 25.0) from Starter Crate (ID: starter_crate)
[06/11/2023 08:35:20] kkyyllee0515 won x5 Emerald Block (ID: emerald_block, Weight: 8.0) from Emerald Crate (ID: emerald)
[06/11/2023 08:35:22] kkyyllee0515 won x5 Emerald Block (ID: emerald_block, Weight: 8.0) from Emerald Crate (ID: emerald)
[06/11/2023 08:35:41] kkyyllee0515 won ᴍᴀx ᴘɪᴄᴋᴀxᴇ ꜰᴏʀᴛᴜɴᴇ (ID: ᴍᴀx_ᴘɪᴄᴋᴀxᴇ_ꜰᴏʀᴛᴜɴᴇ1, Weight: 10.0) from Diamond Create (ID: golden)
[06/11/2023 08:36:06] kkyyllee0515 won ᴍᴀx ᴘɪᴄᴋᴀxᴇ ꜰᴏʀᴛᴜɴᴇ (ID: ᴍᴀx_ᴘɪᴄᴋᴀxᴇ_ꜰᴏʀᴛᴜɴᴇ1, Weight: 10.0) from Diamond Create (ID: golden)
[07/11/2023 23:40:45] G0J001 won Elytra (ID: elytra, Weight: 2.0) from Gold Crate Crate (ID: gold_crate)
[07/11/2023 23:41:24] G0J001 won 5000$ (ID: 5000$, Weight: 10.0) from Gold Crate Crate (ID: gold_crate)
[07/11/2023 23:41:52] G0J001 won 5000$ (ID: 5000$, Weight: 10.0) from Gold Crate Crate (ID: gold_crate)
[07/11/2023 23:42:12] G0J001 won SafariNet (ID: safarinet, Weight: 15.0) from Gold Crate Crate (ID: gold_crate)
[07/11/2023 23:42:34] G0J001 won Golden Apple (ID: golden_apple, Weight: 10.0) from Gold Crate Crate (ID: gold_crate)
[07/11/2023 23:42:54] G0J001 won Diamond Armor (ID: diamond_chestplate, Weight: 5.0) from Gold Crate Crate (ID: gold_crate)
[07/11/2023 23:43:17] G0J001 won ɢᴏʟᴅ ᴄʀᴀᴛᴇ ᴋᴇʏ (ID: ɢᴏʟᴅ_ᴄʀᴀᴛᴇ_ᴋᴇᴛ, Weight: 7.0) from Gold Crate Crate (ID: gold_crate)
[07/11/2023 23:43:37] G0J001 won Diamond Armor (ID: diamond_chestplate, Weight: 5.0) from Gold Crate Crate (ID: gold_crate)
[07/11/2023 23:43:59] G0J001 won Diamond Pickaxe (ID: diamond_pickaxe, Weight: 10.0) from Gold Crate Crate (ID: gold_crate)
[07/11/2023 23:44:19] G0J001 won SafariNet (ID: safarinet, Weight: 15.0) from Gold Crate Crate (ID: gold_crate)
[07/11/2023 23:44:39] G0J001 won Golden Apple (ID: golden_apple, Weight: 10.0) from Gold Crate Crate (ID: gold_crate)
[07/11/2023 23:45:02] G0J001 won 5000$ (ID: 5000$, Weight: 10.0) from Gold Crate Crate (ID: gold_crate)
[07/11/2023 23:45:21] G0J001 won iron kit (ID: iron_chestplate, Weight: 10.0) from Gold Crate Crate (ID: gold_crate)
[07/11/2023 23:45:40] G0J001 won Iron Block (ID: iron_block, Weight: 10.0) from Gold Crate Crate (ID: gold_crate)
[07/11/2023 23:45:58] G0J001 won Golden Apple (ID: golden_apple, Weight: 10.0) from Gold Crate Crate (ID: gold_crate)
[07/11/2023 23:46:18] G0J001 won Iron Block (ID: iron_block, Weight: 10.0) from Gold Crate Crate (ID: gold_crate)
[07/11/2023 23:46:39] G0J001 won ɢᴏʟᴅ ᴄʀᴀᴛᴇ ᴋᴇʏ (ID: ɢᴏʟᴅ_ᴄʀᴀᴛᴇ_ᴋᴇᴛ, Weight: 7.0) from Gold Crate Crate (ID: gold_crate)
[07/11/2023 23:46:59] G0J001 won Diamond Armor (ID: diamond_chestplate, Weight: 5.0) from Gold Crate Crate (ID: gold_crate)
[08/11/2023 19:14:54] zagi won ᴍᴀx ᴄʜᴇsᴛᴘʟᴀᴛᴇ (ID: netherite_chestplate_max, Weight: 5.0) from Diamond Create (ID: golden)
[08/11/2023 19:15:16] zagi won ᴍᴀx ᴘɪᴄᴋᴀxᴇ ꜰᴏʀᴛᴜɴᴇ (ID: ᴍᴀx_ᴘɪᴄᴋᴀxᴇ_ꜰᴏʀᴛᴜɴᴇ, Weight: 5.0) from Diamond Create (ID: golden)
[08/11/2023 20:56:36] sdrone won SafariNet (ID: safarinet, Weight: 15.0) from Gold Crate Crate (ID: gold_crate)
[08/11/2023 20:56:54] sdrone won SafariNet (ID: safarinet, Weight: 15.0) from Gold Crate Crate (ID: gold_crate)
[08/11/2023 20:57:12] sdrone won Oak Log (ID: oak_log, Weight: 10.0) from Gold Crate Crate (ID: gold_crate)
[08/11/2023 20:57:30] sdrone won SafariNet (ID: safarinet, Weight: 15.0) from Gold Crate Crate (ID: gold_crate)
[08/11/2023 20:57:48] sdrone won Diamond Armor (ID: diamond_chestplate, Weight: 5.0) from Gold Crate Crate (ID: gold_crate)
[08/11/2023 20:58:08] sdrone won Iron Block (ID: iron_block, Weight: 10.0) from Gold Crate Crate (ID: gold_crate)
[08/11/2023 20:58:26] sdrone won iron kit (ID: iron_chestplate, Weight: 10.0) from Gold Crate Crate (ID: gold_crate)
[08/11/2023 20:59:07] sdrone won iron kit (ID: iron_chestplate, Weight: 10.0) from Gold Crate Crate (ID: gold_crate)
[09/11/2023 04:25:23] zagi won 5000$ (ID: 5000$, Weight: 10.0) from Gold Crate Crate (ID: gold_crate)
[09/11/2023 04:25:41] zagi won  10000$ (ID: _10000$, Weight: 5.0) from Gold Crate Crate (ID: gold_crate)
[09/11/2023 04:26:00] zagi won x5 Netherite Ingot (ID: netherite_ingot, Weight: 16.0) from Emerald Crate (ID: emerald)
[09/11/2023 04:26:18] zagi won Trident (ID: trident, Weight: 15.0) from Emerald Crate (ID: emerald)
[09/11/2023 04:26:38] zagi won x5 Netherite Ingot (ID: netherite_ingot, Weight: 16.0) from Emerald Crate (ID: emerald)
[09/11/2023 04:26:56] zagi won silk (ID: ||_<ᴅᴇᴠɪɴᴇ>_||2, Weight: 8.0) from Emerald Crate (ID: emerald)
[09/11/2023 04:27:22] zagi won ᴍᴀx ʜᴇʟᴍᴇᴛ (ID: max_helmet, Weight: 10.0) from Diamond Create (ID: golden)
[09/11/2023 04:27:45] zagi won ᴍᴀx ᴘɪᴄᴋᴀxᴇ ꜱɪʟᴋ ᴛᴏᴜᴄʜ (ID: ᴍᴀx_ᴘɪᴄᴋᴀxᴇ_ꜱɪʟᴋ_ᴛᴏᴜᴄʜ, Weight: 5.0) from Diamond Create (ID: golden)
[09/11/2023 06:59:41] PhizixMC won Elytra (ID: elytra, Weight: 9.0) from Emerald Crate (ID: emerald)
[09/11/2023 07:00:03] PhizixMC won ɪɴᴅɪ ѕʜᴏᴘ ᴄʜᴇѕᴛ (ID: ɪɴᴅɪ_ѕʜᴏᴘ_ᴄʜᴇѕᴛ, Weight: 5.0) from Emerald Crate (ID: emerald)
[09/11/2023 07:00:22] PhizixMC won x5 Netherite Ingot (ID: netherite_ingot, Weight: 16.0) from Emerald Crate (ID: emerald)
[09/11/2023 07:00:41] PhizixMC won Trident (ID: trident, Weight: 15.0) from Emerald Crate (ID: emerald)
[09/11/2023 07:01:04] PhizixMC won ᴍᴀx ᴘɪᴄᴋᴀxᴇ ꜰᴏʀᴛᴜɴᴇ (ID: ᴍᴀx_ᴘɪᴄᴋᴀxᴇ_ꜰᴏʀᴛᴜɴᴇ, Weight: 5.0) from Diamond Create (ID: golden)
[09/11/2023 07:01:22] PhizixMC won ᴍᴀx ᴘɪᴄᴋᴀxᴇ ꜱɪʟᴋ ᴛᴏᴜᴄʜ (ID: ᴍᴀx_ᴘɪᴄᴋᴀxᴇ_ꜱɪʟᴋ_ᴛᴏᴜᴄʜ1, Weight: 10.0) from Diamond Create (ID: golden)
[09/11/2023 07:01:32] PhizixMC won Golden Apple (ID: golden_apple, Weight: 10.0) from Gold Crate Crate (ID: gold_crate)
[09/11/2023 07:01:36] PhizixMC won  10000$ (ID: _10000$, Weight: 5.0) from Gold Crate Crate (ID: gold_crate)
[09/11/2023 07:01:46] PhizixMC won ᴍᴀx ʜᴇʟᴍᴇᴛ (ID: max_helmet, Weight: 10.0) from Diamond Create (ID: golden)
[09/11/2023 07:01:46] PhizixMC won ᴍᴀx ʜᴇʟᴍᴇᴛ (ID: max_helmet, Weight: 10.0) from Diamond Create (ID: golden)
[09/11/2023 07:01:47] PhizixMC won ᴍᴀx ʟᴇɢɢɪɴɢs (ID: max_leg, Weight: 10.0) from Diamond Create (ID: golden)
[09/11/2023 17:14:16] YuroStaris won ᴍᴀx ʜᴇʟᴍᴇᴛ (ID: netherite_helmet_max, Weight: 5.0) from Diamond Create (ID: golden)
[09/11/2023 17:14:51] YuroStaris won ᴍᴀx ᴘɪᴄᴋᴀxᴇ ꜰᴏʀᴛᴜɴᴇ (ID: ᴍᴀx_ᴘɪᴄᴋᴀxᴇ_ꜰᴏʀᴛᴜɴᴇ, Weight: 5.0) from Diamond Create (ID: golden)
[09/11/2023 17:15:19] YuroStaris won x5 Emerald Block (ID: emerald_block, Weight: 8.0) from Emerald Crate (ID: emerald)
[09/11/2023 17:15:37] YuroStaris won x5 Diamond Block (ID: diamond_block, Weight: 11.0) from Emerald Crate (ID: emerald)
[09/11/2023 21:13:58] sdrone won Diamond Pickaxe (ID: diamond_pickaxe, Weight: 10.0) from Gold Crate Crate (ID: gold_crate)
[09/11/2023 21:14:17] sdrone won Oak Log (ID: oak_log, Weight: 10.0) from Gold Crate Crate (ID: gold_crate)
[09/11/2023 21:14:35] sdrone won Iron Block (ID: iron_block, Weight: 10.0) from Gold Crate Crate (ID: gold_crate)
[09/11/2023 21:14:53] sdrone won Netherite Ingot (ID: netherite_ingot, Weight: 3.0) from Gold Crate Crate (ID: gold_crate)
[09/11/2023 21:14:55] sdrone won Diamond Armor (ID: diamond_chestplate, Weight: 5.0) from Gold Crate Crate (ID: gold_crate)
[09/11/2023 21:15:16] sdrone won Golden Apple (ID: golden_apple, Weight: 10.0) from Gold Crate Crate (ID: gold_crate)
[09/11/2023 21:15:34] sdrone won  10000$ (ID: _10000$, Weight: 5.0) from Gold Crate Crate (ID: gold_crate)
[09/11/2023 23:01:12] G0J001 won Iron Block (ID: iron_block, Weight: 10.0) from Gold Crate Crate (ID: gold_crate)
[09/11/2023 23:01:16] G0J001 won Firework Rocket (ID: firework_rocket, Weight: 10.0) from Gold Crate Crate (ID: gold_crate)
[09/11/2023 23:01:19] G0J001 won Iron Block (ID: iron_block, Weight: 10.0) from Gold Crate Crate (ID: gold_crate)
[09/11/2023 23:01:21] G0J001 won ɢᴏʟᴅ ᴄʀᴀᴛᴇ ᴋᴇʏ (ID: ɢᴏʟᴅ_ᴄʀᴀᴛᴇ_ᴋᴇᴛ, Weight: 7.0) from Gold Crate Crate (ID: gold_crate)
[09/11/2023 23:01:23] G0J001 won Iron Block (ID: iron_block, Weight: 10.0) from Gold Crate Crate (ID: gold_crate)
[09/11/2023 23:01:24] G0J001 won Iron Block (ID: iron_block, Weight: 10.0) from Gold Crate Crate (ID: gold_crate)
[09/11/2023 23:01:26] G0J001 won 5000$ (ID: 5000$, Weight: 10.0) from Gold Crate Crate (ID: gold_crate)
[09/11/2023 23:01:27] G0J001 won Iron Block (ID: iron_block, Weight: 10.0) from Gold Crate Crate (ID: gold_crate)
[09/11/2023 23:01:29] G0J001 won Golden Apple (ID: golden_apple, Weight: 10.0) from Gold Crate Crate (ID: gold_crate)
[09/11/2023 23:01:31] G0J001 won Diamond Pickaxe (ID: diamond_pickaxe, Weight: 10.0) from Gold Crate Crate (ID: gold_crate)
[09/11/2023 23:01:32] G0J001 won Iron Block (ID: iron_block, Weight: 10.0) from Gold Crate Crate (ID: gold_crate)
[09/11/2023 23:01:34] G0J001 won Firework Rocket (ID: firework_rocket, Weight: 10.0) from Gold Crate Crate (ID: gold_crate)
[09/11/2023 23:01:36] G0J001 won Diamond Pickaxe (ID: diamond_pickaxe, Weight: 10.0) from Gold Crate Crate (ID: gold_crate)
[09/11/2023 23:01:37] G0J001 won 5000$ (ID: 5000$, Weight: 10.0) from Gold Crate Crate (ID: gold_crate)
[09/11/2023 23:01:38] G0J001 won ɢᴏʟᴅ ᴄʀᴀᴛᴇ ᴋᴇʏ (ID: ɢᴏʟᴅ_ᴄʀᴀᴛᴇ_ᴋᴇᴛ, Weight: 7.0) from Gold Crate Crate (ID: gold_crate)
[09/11/2023 23:01:39] G0J001 won SafariNet (ID: safarinet, Weight: 15.0) from Gold Crate Crate (ID: gold_crate)
[09/11/2023 23:01:42] G0J001 won Golden Apple (ID: golden_apple, Weight: 10.0) from Gold Crate Crate (ID: gold_crate)
[09/11/2023 23:01:45] G0J001 won SafariNet (ID: safarinet, Weight: 15.0) from Gold Crate Crate (ID: gold_crate)
[09/11/2023 23:01:46] G0J001 won SafariNet (ID: safarinet, Weight: 15.0) from Gold Crate Crate (ID: gold_crate)
[09/11/2023 23:01:48] G0J001 won 5000$ (ID: 5000$, Weight: 10.0) from Gold Crate Crate (ID: gold_crate)
[09/11/2023 23:01:49] G0J001 won Oak Log (ID: oak_log, Weight: 10.0) from Gold Crate Crate (ID: gold_crate)
[11/11/2023 09:18:37] kkyyllee0515 won ᴍᴀx ʟᴇɢɢɪɴɢs (ID: max_leg, Weight: 10.0) from Diamond Create (ID: golden)
[11/11/2023 18:47:37] Player117 won Iron Leggings (ID: iron_leggings, Weight: 25.0) from Starter Crate (ID: starter_crate)
[11/11/2023 19:07:30] Player117 won Iron Sword (ID: iron_sword, Weight: 25.0) from Starter Crate (ID: starter_crate)
[12/11/2023 12:48:58] zagi won !!!Lᴇɢᴇɴᴅᴀʀʏ Fᴏʀᴛᴜɴᴇ Pɪᴄᴋᴀxᴇ!!! (ID: !!!lᴇɢᴇɴᴅᴀʀʏ_fᴏʀᴛᴜɴᴇ_pɪᴄᴋᴀxᴇ!!!, Weight: 2.0) from Diamond Create (ID: golden)
[12/11/2023 12:49:49] zagi won Iron Helmet (ID: iron_helmet, Weight: 25.0) from Starter Crate (ID: starter_crate)
[13/11/2023 09:33:08] kkyyllee0515 won 5000$ (ID: 5000$, Weight: 10.0) from Gold Crate Crate (ID: gold_crate)
[13/11/2023 09:33:10] kkyyllee0515 won 5000$ (ID: 5000$, Weight: 10.0) from Gold Crate Crate (ID: gold_crate)
[13/11/2023 09:33:20] kkyyllee0515 won x32 Golden Apple (ID: golden_apple, Weight: 14.0) from Emerald Crate (ID: emerald)
[13/11/2023 09:33:21] kkyyllee0515 won x5 Netherite Ingot (ID: netherite_ingot, Weight: 16.0) from Emerald Crate (ID: emerald)
[13/11/2023 09:33:23] kkyyllee0515 won x5 Diamond Block (ID: diamond_block, Weight: 11.0) from Emerald Crate (ID: emerald)
[13/11/2023 09:33:25] kkyyllee0515 won Trident (ID: trident, Weight: 15.0) from Emerald Crate (ID: emerald)
[13/11/2023 09:33:33] kkyyllee0515 won ᴍᴀx ᴀxᴇ (ID: ᴍᴀx_ᴀxᴇ1, Weight: 10.0) from Diamond Create (ID: golden)
[13/11/2023 09:33:38] kkyyllee0515 won ᴍᴀx ᴘɪᴄᴋᴀxᴇ ꜱɪʟᴋ ᴛᴏᴜᴄʜ (ID: ᴍᴀx_ᴘɪᴄᴋᴀxᴇ_ꜱɪʟᴋ_ᴛᴏᴜᴄʜ, Weight: 5.0) from Diamond Create (ID: golden)
[13/11/2023 09:33:41] kkyyllee0515 won ᴍᴀx ᴀxᴇ (ID: ᴍᴀx_ᴀxᴇ1, Weight: 10.0) from Diamond Create (ID: golden)
[13/11/2023 09:33:43] kkyyllee0515 won ᴍᴀx ᴀxᴇ (ID: ᴍᴀx_ᴀxᴇ1, Weight: 10.0) from Diamond Create (ID: golden)
[13/11/2023 14:54:45] Divel_Singh won ɢᴏʟᴅ ᴄʀᴀᴛᴇ ᴋᴇʏ (ID: ɢᴏʟᴅ_ᴄʀᴀᴛᴇ_ᴋᴇᴛ, Weight: 7.0) from Gold Crate Crate (ID: gold_crate)
[13/11/2023 14:55:07] Divel_Singh won SafariNet (ID: safarinet, Weight: 15.0) from Gold Crate Crate (ID: gold_crate)
[13/11/2023 14:55:58] Divel_Singh won ᴘʟᴀʏᴇʀ ᴡᴀʀᴘ ᴛᴏᴋᴇɴ (ID: player_warp_token, Weight: 2.0) from Gold Crate Crate (ID: gold_crate)
[13/11/2023 14:58:58] Divel_Singh won Oak Log (ID: oak_log, Weight: 10.0) from Gold Crate Crate (ID: gold_crate)
[14/11/2023 20:20:48] Divel_Singh won x32 Golden Apple (ID: golden_apple, Weight: 14.0) from Emerald Crate (ID: emerald)
[14/11/2023 20:21:12] Divel_Singh won x5 Emerald Block (ID: emerald_block, Weight: 8.0) from Emerald Crate (ID: emerald)
[14/11/2023 20:21:33] Divel_Singh won ᴍᴀx ᴘɪᴄᴋᴀxᴇ ꜰᴏʀᴛᴜɴᴇ (ID: ᴍᴀx_ᴘɪᴄᴋᴀxᴇ_ꜰᴏʀᴛᴜɴᴇ1, Weight: 10.0) from Diamond Create (ID: golden)
[14/11/2023 20:21:54] Divel_Singh won ᴍᴀx ᴘɪᴄᴋᴀxᴇ ꜰᴏʀᴛᴜɴᴇ (ID: ᴍᴀx_ᴘɪᴄᴋᴀxᴇ_ꜰᴏʀᴛᴜɴᴇ1, Weight: 10.0) from Diamond Create (ID: golden)
[15/11/2023 22:00:01] Divel_Singh won Iron Hoe (ID: iron_hoe, Weight: 25.0) from Starter Crate (ID: starter_crate)
[16/11/2023 08:05:08] Shamp won Iron Ingot (ID: iron_ingot, Weight: 25.0) from Starter Crate (ID: starter_crate)
[17/11/2023 03:44:28] Retroshoe won Diamond (ID: diamond, Weight: 25.0) from Starter Crate (ID: starter_crate)
[17/11/2023 03:44:30] Retroshoe won Iron Shovel (ID: iron_shovel, Weight: 25.0) from Starter Crate (ID: starter_crate)
[17/11/2023 03:47:29] Retroshoe won Iron Ingot (ID: iron_ingot, Weight: 25.0) from Starter Crate (ID: starter_crate)
[17/11/2023 03:47:31] Retroshoe won Cooked Mutton (ID: cooked_mutton, Weight: 25.0) from Starter Crate (ID: starter_crate)
[17/11/2023 03:47:32] Retroshoe won Cooked Porkchop (ID: cooked_porkchop, Weight: 25.0) from Starter Crate (ID: starter_crate)
[17/11/2023 03:47:35] Retroshoe won Iron Boots (ID: iron_boots, Weight: 25.0) from Starter Crate (ID: starter_crate)
[17/11/2023 03:47:38] Retroshoe won Iron Hoe (ID: iron_hoe, Weight: 25.0) from Starter Crate (ID: starter_crate)
[17/11/2023 12:57:52] BuyPutoCheese won Iron Ingot (ID: iron_ingot, Weight: 25.0) from Starter Crate (ID: starter_crate)
[17/11/2023 13:05:37] BuyPutoCheese won Iron Sword (ID: iron_sword, Weight: 25.0) from Starter Crate (ID: starter_crate)
[17/11/2023 17:53:36] Shamp won Iron Sword (ID: iron_sword, Weight: 25.0) from Starter Crate (ID: starter_crate)
[17/11/2023 17:53:57] Shamp won Cooked Porkchop (ID: cooked_porkchop, Weight: 25.0) from Starter Crate (ID: starter_crate)
[17/11/2023 18:25:28] YuroStaris won ᴍᴀx ʙᴏᴏᴛs (ID: max_boots, Weight: 10.0) from Diamond Create (ID: golden)
[17/11/2023 18:25:47] YuroStaris won ᴍᴀx ʟᴇɢɢɪɴɢs (ID: max_leg, Weight: 10.0) from Diamond Create (ID: golden)
[18/11/2023 02:14:16] BMTAMILGAMING won Iron Pickaxe (ID: iron_pickaxe, Weight: 25.0) from Starter Crate (ID: starter_crate)
[18/11/2023 02:15:16] BMTAMILGAMING won Diamond (ID: diamond, Weight: 25.0) from Starter Crate (ID: starter_crate)
[18/11/2023 13:49:24] theblackspectre won !!!Lᴇɢᴇɴᴅᴀʀʏ Sɪʟᴋ Pɪᴄᴋᴀxᴇ!!! (ID: !!!lᴇɢᴇɴᴅᴀʀʏ_sɪʟᴋ_pɪᴄᴋᴀxᴇ!!!, Weight: 2.0) from Diamond Create (ID: golden)
[18/11/2023 13:49:25] theblackspectre won ᴍᴀx ᴀxᴇ (ID: ᴍᴀx_ᴀxᴇ, Weight: 5.0) from Diamond Create (ID: golden)
[18/11/2023 13:49:30] theblackspectre won x32 Golden Apple (ID: golden_apple, Weight: 14.0) from Emerald Crate (ID: emerald)
[18/11/2023 13:49:33] theblackspectre won x5 Netherite Ingot (ID: netherite_ingot, Weight: 16.0) from Emerald Crate (ID: emerald)
[18/11/2023 16:14:39] YuroStaris won ᴍᴀx ꜱʜᴏᴠᴇʟ (ID: ᴍᴀx_ꜱʜᴏᴠᴇʟ1, Weight: 10.0) from Diamond Create (ID: golden)
[18/11/2023 16:14:58] YuroStaris won ᴍᴀx ꜱᴡᴏʀᴅ (ID: ᴍᴀx_ꜱᴡᴏʀᴅ1, Weight: 10.0) from Diamond Create (ID: golden)
[18/11/2023 16:15:19] YuroStaris won ◆ 30 Exp Levels ◆ (ID: exp30, Weight: 6.0) from Emerald Crate (ID: emerald)
[18/11/2023 16:15:36] YuroStaris won $25,000 (ID: $25,000, Weight: 4.0) from Emerald Crate (ID: emerald)
[18/11/2023 16:15:57] YuroStaris won Diamond Pickaxe (ID: diamond_pickaxe, Weight: 10.0) from Gold Crate Crate (ID: gold_crate)
[18/11/2023 16:16:15] YuroStaris won SafariNet (ID: safarinet, Weight: 15.0) from Gold Crate Crate (ID: gold_crate)
[18/11/2023 21:14:55] zagi won Iron Shovel (ID: iron_shovel, Weight: 25.0) from Starter Crate (ID: starter_crate)
[18/11/2023 22:05:33] Shamp won ᴍᴀx ᴘɪᴄᴋᴀxᴇ ꜱɪʟᴋ ᴛᴏᴜᴄʜ (ID: ᴍᴀx_ᴘɪᴄᴋᴀxᴇ_ꜱɪʟᴋ_ᴛᴏᴜᴄʜ1, Weight: 10.0) from Diamond Create (ID: golden)
[18/11/2023 22:05:58] Shamp won ᴍᴀx ꜱᴡᴏʀᴅ (ID: ᴍᴀx_ꜱᴡᴏʀᴅ1, Weight: 10.0) from Diamond Create (ID: golden)
[18/11/2023 22:06:27] Shamp won Elytra (ID: elytra, Weight: 9.0) from Emerald Crate (ID: emerald)
[18/11/2023 22:06:47] Shamp won ◆ 30 Exp Levels ◆ (ID: exp30, Weight: 6.0) from Emerald Crate (ID: emerald)
[18/11/2023 22:58:16] YuroStaris won ᴍᴀx ꜱʜᴏᴠᴇʟ (ID: ᴍᴀx_ꜱʜᴏᴠᴇʟ, Weight: 5.0) from Diamond Create (ID: golden)
[18/11/2023 22:58:39] YuroStaris won x5 Diamond Block (ID: diamond_block, Weight: 11.0) from Emerald Crate (ID: emerald)
[18/11/2023 22:59:00] YuroStaris won SafariNet (Single-Use) (ID: safarinet_(single-use), Weight: 25.0) from Emerald Crate (ID: emerald)
[18/11/2023 22:59:08] lantot2007 won Iron Boots (ID: iron_boots, Weight: 25.0) from Starter Crate (ID: starter_crate)
[19/11/2023 07:28:23] PhizixMC won Iron Leggings (ID: iron_leggings, Weight: 25.0) from Starter Crate (ID: starter_crate)
[19/11/2023 07:28:50] PhizixMC won Iron Boots (ID: iron_boots, Weight: 25.0) from Starter Crate (ID: starter_crate)
[19/11/2023 18:16:38] SAIMONKARKI won Iron Hoe (ID: iron_hoe, Weight: 25.0) from Starter Crate (ID: starter_crate)
[19/11/2023 22:59:08] Shamp won Cooked Mutton (ID: cooked_mutton, Weight: 25.0) from Starter Crate (ID: starter_crate)
[20/11/2023 18:04:59] Divel_Singh won ᴍᴀx ᴘɪᴄᴋᴀxᴇ ꜱɪʟᴋ ᴛᴏᴜᴄʜ (ID: ᴍᴀx_ᴘɪᴄᴋᴀxᴇ_ꜱɪʟᴋ_ᴛᴏᴜᴄʜ, Weight: 5.0) from Diamond Create (ID: golden)
[20/11/2023 18:05:25] Divel_Singh won ᴍᴀx ᴘɪᴄᴋᴀxᴇ ꜰᴏʀᴛᴜɴᴇ (ID: ᴍᴀx_ᴘɪᴄᴋᴀxᴇ_ꜰᴏʀᴛᴜɴᴇ1, Weight: 10.0) from Diamond Create (ID: golden)
[20/11/2023 20:11:26] HanZotoXic won demon slayer (ID: 1, Weight: 3.0) from Emerald Crate (ID: emerald)
[20/11/2023 20:11:55] HanZotoXic won x8 Shulker Shell (ID: shulker_shell, Weight: 13.0) from Emerald Crate (ID: emerald)
[20/11/2023 20:12:21] HanZotoXic won ᴍᴀx ᴘɪᴄᴋᴀxᴇ ꜰᴏʀᴛᴜɴᴇ (ID: ᴍᴀx_ᴘɪᴄᴋᴀxᴇ_ꜰᴏʀᴛᴜɴᴇ, Weight: 5.0) from Diamond Create (ID: golden)
[20/11/2023 20:12:53] HanZotoXic won ᴍᴀx ʟᴇɢɢɪɴɢs (ID: ᴍᴀx_ʟᴇɢɢɪɴɢs, Weight: 5.0) from Diamond Create (ID: golden)
[20/11/2023 21:28:49] Shamp won Iron Shovel (ID: iron_shovel, Weight: 25.0) from Starter Crate (ID: starter_crate)
[20/11/2023 23:36:00] zagi won Diamond (ID: diamond, Weight: 25.0) from Starter Crate (ID: starter_crate)
[21/11/2023 17:39:48] YuroStaris won Iron Boots (ID: iron_boots, Weight: 25.0) from Starter Crate (ID: starter_crate)
[21/11/2023 17:40:08] YuroStaris won Iron Helmet (ID: iron_helmet, Weight: 25.0) from Starter Crate (ID: starter_crate)
[21/11/2023 17:40:29] YuroStaris won Iron Sword (ID: iron_sword, Weight: 25.0) from Starter Crate (ID: starter_crate)
[21/11/2023 22:50:57] lantot2007 won ᴍᴀx ᴄʜᴇsᴛᴘʟᴀᴛᴇ (ID: netherite_chestplate_max, Weight: 5.0) from Diamond Create (ID: golden)
[21/11/2023 22:51:29] lantot2007 won x8 Shulker Shell (ID: shulker_shell, Weight: 13.0) from Emerald Crate (ID: emerald)
[21/11/2023 22:51:47] lantot2007 won x32 Golden Apple (ID: golden_apple, Weight: 14.0) from Emerald Crate (ID: emerald)
[21/11/2023 22:52:07] lantot2007 won ᴍᴀx ᴄʜᴇsᴛᴘʟᴀᴛᴇ (ID: max_chestplate, Weight: 10.0) from Diamond Create (ID: golden)
[22/11/2023 00:01:06] Divel_Singh won SafariNet (ID: safarinet, Weight: 15.0) from Gold Crate Crate (ID: gold_crate)
[22/11/2023 00:01:48] Divel_Singh won x5 Diamond Block (ID: diamond_block, Weight: 11.0) from Emerald Crate (ID: emerald)
[22/11/2023 00:02:06] Divel_Singh won x5 Diamond Block (ID: diamond_block, Weight: 11.0) from Emerald Crate (ID: emerald)
[22/11/2023 00:02:27] Divel_Singh won ᴍᴀx ꜱᴡᴏʀᴅ (ID: ᴍᴀx_ꜱᴡᴏʀᴅ1, Weight: 10.0) from Diamond Create (ID: golden)
[22/11/2023 00:02:45] Divel_Singh won ᴍᴀx ᴘɪᴄᴋᴀxᴇ ꜱɪʟᴋ ᴛᴏᴜᴄʜ (ID: ᴍᴀx_ᴘɪᴄᴋᴀxᴇ_ꜱɪʟᴋ_ᴛᴏᴜᴄʜ1, Weight: 10.0) from Diamond Create (ID: golden)
[22/11/2023 00:03:06] Divel_Singh won Pink Shulker Box (ID: pink_shulker_box, Weight: 5.0) from Gold Crate Crate (ID: gold_crate)
[22/11/2023 06:05:33] Shamp won ᴍᴀx ᴀxᴇ (ID: ᴍᴀx_ᴀxᴇ, Weight: 5.0) from Diamond Create (ID: golden)
[22/11/2023 06:06:00] Shamp won ᴍᴀx ꜱᴡᴏʀᴅ (ID: ᴍᴀx_ꜱᴡᴏʀᴅ1, Weight: 10.0) from Diamond Create (ID: golden)
[22/11/2023 14:23:33] BMTAMILGAMING won Netherite Ingot (ID: netherite_ingot, Weight: 3.0) from Gold Crate Crate (ID: gold_crate)
[22/11/2023 14:23:41] BMTAMILGAMING won Firework Rocket (ID: firework_rocket, Weight: 10.0) from Gold Crate Crate (ID: gold_crate)
[22/11/2023 14:23:43] BMTAMILGAMING won Diamond Armor (ID: diamond_chestplate, Weight: 5.0) from Gold Crate Crate (ID: gold_crate)
[22/11/2023 14:23:49] BMTAMILGAMING won Oak Log (ID: oak_log, Weight: 10.0) from Gold Crate Crate (ID: gold_crate)
[22/11/2023 14:23:51] BMTAMILGAMING won 5000$ (ID: 5000$, Weight: 10.0) from Gold Crate Crate (ID: gold_crate)
[22/11/2023 14:23:54] BMTAMILGAMING won iron kit (ID: iron_chestplate, Weight: 10.0) from Gold Crate Crate (ID: gold_crate)
[22/11/2023 14:24:17] BMTAMILGAMING won 5000$ (ID: 5000$, Weight: 10.0) from Gold Crate Crate (ID: gold_crate)
[22/11/2023 14:24:35] BMTAMILGAMING won Firework Rocket (ID: firework_rocket, Weight: 10.0) from Gold Crate Crate (ID: gold_crate)
[22/11/2023 23:15:32] PhizixMC won Iron Ingot (ID: iron_ingot, Weight: 25.0) from Starter Crate (ID: starter_crate)
[22/11/2023 23:15:35] PhizixMC won Iron Chestplate (ID: iron_chestplate, Weight: 25.0) from Starter Crate (ID: starter_crate)
[22/11/2023 23:15:36] PhizixMC won Iron Pickaxe (ID: iron_pickaxe, Weight: 25.0) from Starter Crate (ID: starter_crate)
[22/11/2023 23:15:37] PhizixMC won Iron Ingot (ID: iron_ingot, Weight: 25.0) from Starter Crate (ID: starter_crate)
[22/11/2023 23:15:38] PhizixMC won Iron Hoe (ID: iron_hoe, Weight: 25.0) from Starter Crate (ID: starter_crate)
[22/11/2023 23:15:38] PhizixMC won Cooked Mutton (ID: cooked_mutton, Weight: 25.0) from Starter Crate (ID: starter_crate)
[22/11/2023 23:15:39] PhizixMC won Iron Leggings (ID: iron_leggings, Weight: 25.0) from Starter Crate (ID: starter_crate)
[22/11/2023 23:15:39] PhizixMC won Iron Hoe (ID: iron_hoe, Weight: 25.0) from Starter Crate (ID: starter_crate)
[22/11/2023 23:15:39] PhizixMC won Iron Pickaxe (ID: iron_pickaxe, Weight: 25.0) from Starter Crate (ID: starter_crate)
[22/11/2023 23:15:40] PhizixMC won Cooked Porkchop (ID: cooked_porkchop, Weight: 25.0) from Starter Crate (ID: starter_crate)
[22/11/2023 23:15:40] PhizixMC won Iron Boots (ID: iron_boots, Weight: 25.0) from Starter Crate (ID: starter_crate)
[22/11/2023 23:15:40] PhizixMC won Diamond (ID: diamond, Weight: 25.0) from Starter Crate (ID: starter_crate)
[22/11/2023 23:15:41] PhizixMC won Cooked Mutton (ID: cooked_mutton, Weight: 25.0) from Starter Crate (ID: starter_crate)
[22/11/2023 23:15:41] PhizixMC won Iron Shovel (ID: iron_shovel, Weight: 25.0) from Starter Crate (ID: starter_crate)
[22/11/2023 23:15:41] PhizixMC won Iron Sword (ID: iron_sword, Weight: 25.0) from Starter Crate (ID: starter_crate)
[23/11/2023 05:00:22] Shamp won !!!Lᴇɢᴇɴᴅᴀʀʏ Sɪʟᴋ Pɪᴄᴋᴀxᴇ!!! (ID: !!!lᴇɢᴇɴᴅᴀʀʏ_sɪʟᴋ_pɪᴄᴋᴀxᴇ!!!, Weight: 2.0) from Diamond Create (ID: golden)
[23/11/2023 05:00:39] Shamp won ᴍᴀx ʜᴇʟᴍᴇᴛ (ID: max_helmet, Weight: 10.0) from Diamond Create (ID: golden)
[23/11/2023 05:00:46] Shamp won ᴍᴀx ʜᴇʟᴍᴇᴛ (ID: max_helmet, Weight: 10.0) from Diamond Create (ID: golden)
[23/11/2023 05:00:53] Shamp won Golden Apple (ID: golden_apple, Weight: 10.0) from Gold Crate Crate (ID: gold_crate)
[23/11/2023 05:00:57] Shamp won SafariNet (ID: safarinet, Weight: 15.0) from Gold Crate Crate (ID: gold_crate)
[23/11/2023 05:01:10] Shamp won SafariNet (Single-Use) (ID: safarinet_(single-use), Weight: 25.0) from Emerald Crate (ID: emerald)
[23/11/2023 05:01:17] Shamp won SafariNet (Single-Use) (ID: safarinet_(single-use), Weight: 25.0) from Emerald Crate (ID: emerald)
[23/11/2023 05:01:23] Shamp won x5 Emerald Block (ID: emerald_block, Weight: 8.0) from Emerald Crate (ID: emerald)
[23/11/2023 05:01:26] Shamp won x5 Emerald Block (ID: emerald_block, Weight: 8.0) from Emerald Crate (ID: emerald)
[23/11/2023 19:16:02] BMTAMILGAMING won Pink Shulker Box (ID: pink_shulker_box, Weight: 5.0) from Gold Crate Crate (ID: gold_crate)
[23/11/2023 19:16:33] BMTAMILGAMING won Iron Block (ID: iron_block, Weight: 10.0) from Gold Crate Crate (ID: gold_crate)
[23/11/2023 19:16:35] BMTAMILGAMING won Golden Apple (ID: golden_apple, Weight: 10.0) from Gold Crate Crate (ID: gold_crate)
[23/11/2023 19:16:37] BMTAMILGAMING won Golden Apple (ID: golden_apple, Weight: 10.0) from Gold Crate Crate (ID: gold_crate)
[23/11/2023 19:16:39] BMTAMILGAMING won Golden Apple (ID: golden_apple, Weight: 10.0) from Gold Crate Crate (ID: gold_crate)
[23/11/2023 19:16:40] BMTAMILGAMING won Diamond Pickaxe (ID: diamond_pickaxe, Weight: 10.0) from Gold Crate Crate (ID: gold_crate)
[23/11/2023 19:16:46] BMTAMILGAMING won  10000$ (ID: _10000$, Weight: 5.0) from Gold Crate Crate (ID: gold_crate)
[23/11/2023 19:16:49] BMTAMILGAMING won Diamond Armor (ID: diamond_chestplate, Weight: 5.0) from Gold Crate Crate (ID: gold_crate)
[24/11/2023 16:38:12] BMTAMILGAMING won ᴍᴀx ᴘɪᴄᴋᴀxᴇ ꜱɪʟᴋ ᴛᴏᴜᴄʜ (ID: ᴍᴀx_ᴘɪᴄᴋᴀxᴇ_ꜱɪʟᴋ_ᴛᴏᴜᴄʜ1, Weight: 10.0) from Diamond Create (ID: golden)
[24/11/2023 16:38:19] BMTAMILGAMING won ᴍᴀx ʜᴇʟᴍᴇᴛ (ID: netherite_helmet_max, Weight: 5.0) from Diamond Create (ID: golden)
[24/11/2023 16:38:47] BMTAMILGAMING won SafariNet (Single-Use) (ID: safarinet_(single-use), Weight: 25.0) from Emerald Crate (ID: emerald)
[24/11/2023 16:38:51] BMTAMILGAMING won demon slayer (ID: 1, Weight: 3.0) from Emerald Crate (ID: emerald)
[24/11/2023 21:04:56] BMTAMILGAMING won iron kit (ID: iron_chestplate, Weight: 10.0) from Gold Crate Crate (ID: gold_crate)
[24/11/2023 21:05:01] BMTAMILGAMING won Netherite Ingot (ID: netherite_ingot, Weight: 3.0) from Gold Crate Crate (ID: gold_crate)
[24/11/2023 21:05:02] BMTAMILGAMING won Oak Log (ID: oak_log, Weight: 10.0) from Gold Crate Crate (ID: gold_crate)
[24/11/2023 21:05:03] BMTAMILGAMING won Iron Block (ID: iron_block, Weight: 10.0) from Gold Crate Crate (ID: gold_crate)
[24/11/2023 21:05:05] BMTAMILGAMING won iron kit (ID: iron_chestplate, Weight: 10.0) from Gold Crate Crate (ID: gold_crate)
[24/11/2023 21:05:06] BMTAMILGAMING won  10000$ (ID: _10000$, Weight: 5.0) from Gold Crate Crate (ID: gold_crate)
[24/11/2023 21:05:08] BMTAMILGAMING won Golden Apple (ID: golden_apple, Weight: 10.0) from Gold Crate Crate (ID: gold_crate)
[24/11/2023 21:05:11] BMTAMILGAMING won Oak Log (ID: oak_log, Weight: 10.0) from Gold Crate Crate (ID: gold_crate)
[24/11/2023 21:54:41] RTX_NOBODY123 won Iron Shovel (ID: iron_shovel, Weight: 25.0) from Starter Crate (ID: starter_crate)
[25/11/2023 20:54:30] G0J001 won Iron Chestplate (ID: iron_chestplate, Weight: 25.0) from Starter Crate (ID: starter_crate)
[25/11/2023 20:54:33] G0J001 won Cooked Porkchop (ID: cooked_porkchop, Weight: 25.0) from Starter Crate (ID: starter_crate)
[25/11/2023 21:21:09] PhizixMC won Iron Leggings (ID: iron_leggings, Weight: 25.0) from Starter Crate (ID: starter_crate)
[25/11/2023 21:21:09] PhizixMC won Oak Log (ID: oak_log, Weight: 25.0) from Starter Crate (ID: starter_crate)
[25/11/2023 21:21:10] PhizixMC won Iron Sword (ID: iron_sword, Weight: 25.0) from Starter Crate (ID: starter_crate)
[25/11/2023 21:21:10] PhizixMC won Iron Pickaxe (ID: iron_pickaxe, Weight: 25.0) from Starter Crate (ID: starter_crate)
[25/11/2023 21:21:11] PhizixMC won Iron Helmet (ID: iron_helmet, Weight: 25.0) from Starter Crate (ID: starter_crate)
[25/11/2023 21:21:11] PhizixMC won Iron Ingot (ID: iron_ingot, Weight: 25.0) from Starter Crate (ID: starter_crate)
[25/11/2023 21:21:11] PhizixMC won Bookshelf (ID: bookshelf, Weight: 25.0) from Starter Crate (ID: starter_crate)
[25/11/2023 21:21:26] PhizixMC won Iron Pickaxe (ID: iron_pickaxe, Weight: 25.0) from Starter Crate (ID: starter_crate)
[25/11/2023 21:21:26] PhizixMC won Bookshelf (ID: bookshelf, Weight: 25.0) from Starter Crate (ID: starter_crate)
[25/11/2023 21:21:26] PhizixMC won Iron Ingot (ID: iron_ingot, Weight: 25.0) from Starter Crate (ID: starter_crate)
[25/11/2023 21:21:27] PhizixMC won Iron Chestplate (ID: iron_chestplate, Weight: 25.0) from Starter Crate (ID: starter_crate)
[25/11/2023 21:21:27] PhizixMC won Oak Log (ID: oak_log, Weight: 25.0) from Starter Crate (ID: starter_crate)
[25/11/2023 21:21:27] PhizixMC won Diamond (ID: diamond, Weight: 25.0) from Starter Crate (ID: starter_crate)
[25/11/2023 21:21:28] PhizixMC won Iron Hoe (ID: iron_hoe, Weight: 25.0) from Starter Crate (ID: starter_crate)
[25/11/2023 21:21:28] PhizixMC won Diamond (ID: diamond, Weight: 25.0) from Starter Crate (ID: starter_crate)
[25/11/2023 21:21:28] PhizixMC won Iron Boots (ID: iron_boots, Weight: 25.0) from Starter Crate (ID: starter_crate)
[25/11/2023 21:21:51] PhizixMC won Cooked Porkchop (ID: cooked_porkchop, Weight: 25.0) from Starter Crate (ID: starter_crate)
[25/11/2023 21:21:51] PhizixMC won Iron Axe (ID: iron_axe, Weight: 25.0) from Starter Crate (ID: starter_crate)
[25/11/2023 21:21:52] PhizixMC won Oak Log (ID: oak_log, Weight: 25.0) from Starter Crate (ID: starter_crate)
[25/11/2023 21:21:52] PhizixMC won Iron Axe (ID: iron_axe, Weight: 25.0) from Starter Crate (ID: starter_crate)
[25/11/2023 21:21:52] PhizixMC won Iron Chestplate (ID: iron_chestplate, Weight: 25.0) from Starter Crate (ID: starter_crate)
[25/11/2023 21:21:52] PhizixMC won Iron Leggings (ID: iron_leggings, Weight: 25.0) from Starter Crate (ID: starter_crate)
[25/11/2023 21:21:53] PhizixMC won Iron Leggings (ID: iron_leggings, Weight: 25.0) from Starter Crate (ID: starter_crate)
[25/11/2023 21:21:53] PhizixMC won Iron Axe (ID: iron_axe, Weight: 25.0) from Starter Crate (ID: starter_crate)
[25/11/2023 21:21:53] PhizixMC won Iron Chestplate (ID: iron_chestplate, Weight: 25.0) from Starter Crate (ID: starter_crate)
[25/11/2023 21:36:40] PhizixMC won Cooked Beef (ID: cooked_beef, Weight: 25.0) from Starter Crate (ID: starter_crate)
[25/11/2023 21:36:40] PhizixMC won Oak Log (ID: oak_log, Weight: 25.0) from Starter Crate (ID: starter_crate)
[25/11/2023 21:36:41] PhizixMC won Oak Log (ID: oak_log, Weight: 25.0) from Starter Crate (ID: starter_crate)
[25/11/2023 21:36:41] PhizixMC won Iron Leggings (ID: iron_leggings, Weight: 25.0) from Starter Crate (ID: starter_crate)
[25/11/2023 21:36:41] PhizixMC won Iron Helmet (ID: iron_helmet, Weight: 25.0) from Starter Crate (ID: starter_crate)
[25/11/2023 21:36:41] PhizixMC won Iron Chestplate (ID: iron_chestplate, Weight: 25.0) from Starter Crate (ID: starter_crate)
[25/11/2023 21:36:42] PhizixMC won Iron Boots (ID: iron_boots, Weight: 25.0) from Starter Crate (ID: starter_crate)
[25/11/2023 21:37:03] PhizixMC won Iron Axe (ID: iron_axe, Weight: 25.0) from Starter Crate (ID: starter_crate)
[25/11/2023 21:37:04] PhizixMC won Iron Helmet (ID: iron_helmet, Weight: 25.0) from Starter Crate (ID: starter_crate)
[25/11/2023 21:37:04] PhizixMC won Cooked Porkchop (ID: cooked_porkchop, Weight: 25.0) from Starter Crate (ID: starter_crate)
[25/11/2023 21:37:04] PhizixMC won Cooked Mutton (ID: cooked_mutton, Weight: 25.0) from Starter Crate (ID: starter_crate)
[25/11/2023 21:37:05] PhizixMC won Iron Sword (ID: iron_sword, Weight: 25.0) from Starter Crate (ID: starter_crate)
[25/11/2023 21:37:05] PhizixMC won Enchanting Table (ID: enchanting_table, Weight: 25.0) from Starter Crate (ID: starter_crate)
[25/11/2023 21:37:05] PhizixMC won Iron Pickaxe (ID: iron_pickaxe, Weight: 25.0) from Starter Crate (ID: starter_crate)
[25/11/2023 21:37:06] PhizixMC won Iron Boots (ID: iron_boots, Weight: 25.0) from Starter Crate (ID: starter_crate)
[25/11/2023 21:37:06] PhizixMC won Iron Hoe (ID: iron_hoe, Weight: 25.0) from Starter Crate (ID: starter_crate)
[25/11/2023 21:37:07] PhizixMC won Iron Helmet (ID: iron_helmet, Weight: 25.0) from Starter Crate (ID: starter_crate)
[25/11/2023 21:37:07] PhizixMC won Iron Helmet (ID: iron_helmet, Weight: 25.0) from Starter Crate (ID: starter_crate)
[25/11/2023 21:37:07] PhizixMC won Cooked Beef (ID: cooked_beef, Weight: 25.0) from Starter Crate (ID: starter_crate)
[25/11/2023 21:37:07] PhizixMC won Cooked Beef (ID: cooked_beef, Weight: 25.0) from Starter Crate (ID: starter_crate)
[25/11/2023 21:37:08] PhizixMC won Iron Hoe (ID: iron_hoe, Weight: 25.0) from Starter Crate (ID: starter_crate)
[25/11/2023 21:37:08] PhizixMC won Enchanting Table (ID: enchanting_table, Weight: 25.0) from Starter Crate (ID: starter_crate)
[25/11/2023 21:37:09] PhizixMC won Iron Chestplate (ID: iron_chestplate, Weight: 25.0) from Starter Crate (ID: starter_crate)
[25/11/2023 21:37:09] PhizixMC won Iron Ingot (ID: iron_ingot, Weight: 25.0) from Starter Crate (ID: starter_crate)
[25/11/2023 21:37:09] PhizixMC won Enchanting Table (ID: enchanting_table, Weight: 25.0) from Starter Crate (ID: starter_crate)
[25/11/2023 21:37:10] PhizixMC won Diamond (ID: diamond, Weight: 25.0) from Starter Crate (ID: starter_crate)
[26/11/2023 09:10:26] Shamp won Iron Helmet (ID: iron_helmet, Weight: 25.0) from Starter Crate (ID: starter_crate)
[26/11/2023 09:10:34] Shamp won Cooked Beef (ID: cooked_beef, Weight: 25.0) from Starter Crate (ID: starter_crate)
[26/11/2023 09:10:35] Shamp won Iron Shovel (ID: iron_shovel, Weight: 25.0) from Starter Crate (ID: starter_crate)
[26/11/2023 09:10:36] Shamp won Cooked Porkchop (ID: cooked_porkchop, Weight: 25.0) from Starter Crate (ID: starter_crate)
[26/11/2023 09:10:37] Shamp won Iron Axe (ID: iron_axe, Weight: 25.0) from Starter Crate (ID: starter_crate)
[26/11/2023 09:10:43] Shamp won Iron Pickaxe (ID: iron_pickaxe, Weight: 25.0) from Starter Crate (ID: starter_crate)
[26/11/2023 09:10:45] Shamp won Enchanting Table (ID: enchanting_table, Weight: 25.0) from Starter Crate (ID: starter_crate)
[26/11/2023 09:16:17] Shamp won Iron Ingot (ID: iron_ingot, Weight: 25.0) from Starter Crate (ID: starter_crate)
[26/11/2023 09:16:18] Shamp won Cooked Mutton (ID: cooked_mutton, Weight: 25.0) from Starter Crate (ID: starter_crate)
[26/11/2023 09:16:19] Shamp won Bookshelf (ID: bookshelf, Weight: 25.0) from Starter Crate (ID: starter_crate)
[26/11/2023 09:16:19] Shamp won Cooked Beef (ID: cooked_beef, Weight: 25.0) from Starter Crate (ID: starter_crate)
[26/11/2023 09:16:20] Shamp won Iron Boots (ID: iron_boots, Weight: 25.0) from Starter Crate (ID: starter_crate)
[26/11/2023 09:16:20] Shamp won Iron Helmet (ID: iron_helmet, Weight: 25.0) from Starter Crate (ID: starter_crate)
[26/11/2023 09:16:20] Shamp won Iron Pickaxe (ID: iron_pickaxe, Weight: 25.0) from Starter Crate (ID: starter_crate)
[26/11/2023 09:16:21] Shamp won Iron Hoe (ID: iron_hoe, Weight: 25.0) from Starter Crate (ID: starter_crate)
[26/11/2023 09:16:21] Shamp won Iron Hoe (ID: iron_hoe, Weight: 25.0) from Starter Crate (ID: starter_crate)
[26/11/2023 09:16:22] Shamp won Oak Log (ID: oak_log, Weight: 25.0) from Starter Crate (ID: starter_crate)
[26/11/2023 09:16:22] Shamp won Cooked Porkchop (ID: cooked_porkchop, Weight: 25.0) from Starter Crate (ID: starter_crate)
[26/11/2023 09:16:23] Shamp won Cooked Beef (ID: cooked_beef, Weight: 25.0) from Starter Crate (ID: starter_crate)
[26/11/2023 09:16:23] Shamp won Iron Shovel (ID: iron_shovel, Weight: 25.0) from Starter Crate (ID: starter_crate)
[26/11/2023 09:16:23] Shamp won Iron Chestplate (ID: iron_chestplate, Weight: 25.0) from Starter Crate (ID: starter_crate)
[26/11/2023 09:16:35] Shamp won Enchanting Table (ID: enchanting_table, Weight: 25.0) from Starter Crate (ID: starter_crate)
[26/11/2023 09:16:35] Shamp won Cooked Mutton (ID: cooked_mutton, Weight: 25.0) from Starter Crate (ID: starter_crate)
[26/11/2023 09:16:36] Shamp won Iron Shovel (ID: iron_shovel, Weight: 25.0) from Starter Crate (ID: starter_crate)
[26/11/2023 09:16:37] Shamp won Iron Chestplate (ID: iron_chestplate, Weight: 25.0) from Starter Crate (ID: starter_crate)
[26/11/2023 09:16:38] Shamp won Iron Boots (ID: iron_boots, Weight: 25.0) from Starter Crate (ID: starter_crate)
[26/11/2023 09:16:41] Shamp won Iron Boots (ID: iron_boots, Weight: 25.0) from Starter Crate (ID: starter_crate)
[26/11/2023 09:16:42] Shamp won Iron Ingot (ID: iron_ingot, Weight: 25.0) from Starter Crate (ID: starter_crate)
[26/11/2023 09:16:42] Shamp won Cooked Mutton (ID: cooked_mutton, Weight: 25.0) from Starter Crate (ID: starter_crate)
[26/11/2023 09:16:43] Shamp won Oak Log (ID: oak_log, Weight: 25.0) from Starter Crate (ID: starter_crate)
[26/11/2023 09:16:43] Shamp won Iron Ingot (ID: iron_ingot, Weight: 25.0) from Starter Crate (ID: starter_crate)
[26/11/2023 09:16:44] Shamp won Cooked Porkchop (ID: cooked_porkchop, Weight: 25.0) from Starter Crate (ID: starter_crate)
[26/11/2023 09:16:44] Shamp won Cooked Porkchop (ID: cooked_porkchop, Weight: 25.0) from Starter Crate (ID: starter_crate)
[26/11/2023 09:16:44] Shamp won Iron Shovel (ID: iron_shovel, Weight: 25.0) from Starter Crate (ID: starter_crate)
[26/11/2023 09:16:45] Shamp won Iron Helmet (ID: iron_helmet, Weight: 25.0) from Starter Crate (ID: starter_crate)
[26/11/2023 09:16:45] Shamp won Bookshelf (ID: bookshelf, Weight: 25.0) from Starter Crate (ID: starter_crate)
[26/11/2023 09:16:46] Shamp won Iron Hoe (ID: iron_hoe, Weight: 25.0) from Starter Crate (ID: starter_crate)
[26/11/2023 09:16:46] Shamp won Iron Helmet (ID: iron_helmet, Weight: 25.0) from Starter Crate (ID: starter_crate)
[26/11/2023 09:16:47] Shamp won Iron Axe (ID: iron_axe, Weight: 25.0) from Starter Crate (ID: starter_crate)
[26/11/2023 09:16:47] Shamp won Iron Chestplate (ID: iron_chestplate, Weight: 25.0) from Starter Crate (ID: starter_crate)
[26/11/2023 09:16:48] Shamp won Oak Log (ID: oak_log, Weight: 25.0) from Starter Crate (ID: starter_crate)
[26/11/2023 09:16:48] Shamp won Iron Chestplate (ID: iron_chestplate, Weight: 25.0) from Starter Crate (ID: starter_crate)
[26/11/2023 09:47:30] BuyPutoCheese won x5 Emerald Block (ID: emerald_block, Weight: 8.0) from Emerald Crate (ID: emerald)
[26/11/2023 09:47:50] BuyPutoCheese won x5 Diamond Block (ID: diamond_block, Weight: 11.0) from Emerald Crate (ID: emerald)
[26/11/2023 09:48:11] BuyPutoCheese won ᴍᴀx ᴘɪᴄᴋᴀxᴇ ꜰᴏʀᴛᴜɴᴇ (ID: ᴍᴀx_ᴘɪᴄᴋᴀxᴇ_ꜰᴏʀᴛᴜɴᴇ, Weight: 5.0) from Diamond Create (ID: golden)
[26/11/2023 09:48:37] BuyPutoCheese won ᴍᴀx ʙᴏᴏᴛs (ID: max_boots, Weight: 10.0) from Diamond Create (ID: golden)
[26/11/2023 13:23:37] IRUSH_MG1k won ᴍᴀx ʙᴏᴏᴛs (ID: max_boots, Weight: 10.0) from Diamond Create (ID: golden)
[26/11/2023 13:23:39] IRUSH_MG1k won ᴍᴀx ᴘɪᴄᴋᴀxᴇ ꜱɪʟᴋ ᴛᴏᴜᴄʜ (ID: ᴍᴀx_ᴘɪᴄᴋᴀxᴇ_ꜱɪʟᴋ_ᴛᴏᴜᴄʜ1, Weight: 10.0) from Diamond Create (ID: golden)
[26/11/2023 13:23:57] IRUSH_MG1k won x5 Emerald Block (ID: emerald_block, Weight: 8.0) from Emerald Crate (ID: emerald)
[26/11/2023 13:23:58] IRUSH_MG1k won x5 Emerald Block (ID: emerald_block, Weight: 8.0) from Emerald Crate (ID: emerald)
[26/11/2023 13:51:20] TheWreker won ᴍᴀx ꜱʜᴏᴠᴇʟ (ID: ᴍᴀx_ꜱʜᴏᴠᴇʟ1, Weight: 10.0) from Diamond Create (ID: golden)
[26/11/2023 13:51:40] TheWreker won ᴍᴀx ᴄʜᴇsᴛᴘʟᴀᴛᴇ (ID: max_chestplate, Weight: 10.0) from Diamond Create (ID: golden)
[26/11/2023 13:51:51] TheWreker won Cooked Porkchop (ID: cooked_porkchop, Weight: 25.0) from Starter Crate (ID: starter_crate)
[26/11/2023 19:42:55] theblackspectre won silk (ID: ||_<ᴅᴇᴠɪɴᴇ>_||2, Weight: 8.0) from Emerald Crate (ID: emerald)
[26/11/2023 19:42:57] theblackspectre won x32 Golden Apple (ID: golden_apple, Weight: 14.0) from Emerald Crate (ID: emerald)
[26/11/2023 19:43:00] theblackspectre won ɪɴᴅɪ ѕʜᴏᴘ ᴄʜᴇѕᴛ (ID: ɪɴᴅɪ_ѕʜᴏᴘ_ᴄʜᴇѕᴛ, Weight: 5.0) from Emerald Crate (ID: emerald)
[26/11/2023 19:43:03] theblackspectre won x8 Shulker Shell (ID: shulker_shell, Weight: 13.0) from Emerald Crate (ID: emerald)
[26/11/2023 19:43:10] theblackspectre won ᴍᴀx ᴘɪᴄᴋᴀxᴇ ꜱɪʟᴋ ᴛᴏᴜᴄʜ (ID: ᴍᴀx_ᴘɪᴄᴋᴀxᴇ_ꜱɪʟᴋ_ᴛᴏᴜᴄʜ1, Weight: 10.0) from Diamond Create (ID: golden)
[26/11/2023 19:43:17] theblackspectre won ᴍᴀx ʟᴇɢɢɪɴɢs (ID: max_leg, Weight: 10.0) from Diamond Create (ID: golden)
[26/11/2023 19:43:19] theblackspectre won ᴍᴀx ᴘɪᴄᴋᴀxᴇ ꜰᴏʀᴛᴜɴᴇ (ID: ᴍᴀx_ᴘɪᴄᴋᴀxᴇ_ꜰᴏʀᴛᴜɴᴇ, Weight: 5.0) from Diamond Create (ID: golden)
[26/11/2023 19:43:19] theblackspectre won ᴍᴀx ᴘɪᴄᴋᴀxᴇ ꜱɪʟᴋ ᴛᴏᴜᴄʜ (ID: ᴍᴀx_ᴘɪᴄᴋᴀxᴇ_ꜱɪʟᴋ_ᴛᴏᴜᴄʜ, Weight: 5.0) from Diamond Create (ID: golden)
[26/11/2023 19:43:20] theblackspectre won ᴍᴀx ꜱᴡᴏʀᴅ (ID: ᴍᴀx_ꜱᴡᴏʀᴅ1, Weight: 10.0) from Diamond Create (ID: golden)
[26/11/2023 19:43:24] theblackspectre won 24 ʜᴏᴜʀ ꜰʟʏ ᴠᴏᴜᴄʜᴇʀ (ID: fly_24_hrs_command_voucher, Weight: 0.9) from Gold Crate Crate (ID: gold_crate)
[26/11/2023 19:43:26] theblackspectre won Firework Rocket (ID: firework_rocket, Weight: 10.0) from Gold Crate Crate (ID: gold_crate)
[26/11/2023 21:30:56] Divel_Singh won SafariNet (Single-Use) (ID: safarinet_(single-use), Weight: 25.0) from Emerald Crate (ID: emerald)
[26/11/2023 21:31:18] Divel_Singh won x8 Shulker Shell (ID: shulker_shell, Weight: 13.0) from Emerald Crate (ID: emerald)
[27/11/2023 18:19:31] G0J001 won SafariNet (ID: safarinet, Weight: 15.0) from Gold Crate Crate (ID: gold_crate)
[27/11/2023 18:19:33] G0J001 won iron kit (ID: iron_chestplate, Weight: 10.0) from Gold Crate Crate (ID: gold_crate)
[27/11/2023 18:19:37] G0J001 won Firework Rocket (ID: firework_rocket, Weight: 10.0) from Gold Crate Crate (ID: gold_crate)
[27/11/2023 18:19:40] G0J001 won 5000$ (ID: 5000$, Weight: 10.0) from Gold Crate Crate (ID: gold_crate)
[27/11/2023 18:19:42] G0J001 won Enchanted Golden Apple (ID: enchanted_golden_apple, Weight: 3.0) from Gold Crate Crate (ID: gold_crate)
[27/11/2023 18:19:45] G0J001 won Diamond Armor (ID: diamond_chestplate, Weight: 5.0) from Gold Crate Crate (ID: gold_crate)
[27/11/2023 18:19:58] G0J001 won  10000$ (ID: _10000$, Weight: 5.0) from Gold Crate Crate (ID: gold_crate)
[27/11/2023 18:20:00] G0J001 won Firework Rocket (ID: firework_rocket, Weight: 10.0) from Gold Crate Crate (ID: gold_crate)
[29/11/2023 00:06:38] BMTAMILGAMING won ᴍᴀx ᴘɪᴄᴋᴀxᴇ ꜱɪʟᴋ ᴛᴏᴜᴄʜ (ID: ᴍᴀx_ᴘɪᴄᴋᴀxᴇ_ꜱɪʟᴋ_ᴛᴏᴜᴄʜ, Weight: 5.0) from Diamond Create (ID: golden)
[29/11/2023 00:06:47] BMTAMILGAMING won ᴍᴀx ᴀxᴇ (ID: ᴍᴀx_ᴀxᴇ1, Weight: 10.0) from Diamond Create (ID: golden)
[29/11/2023 02:27:30] FireGaMMerYT won ᴍᴀx ꜱᴡᴏʀᴅ (ID: ᴍᴀx_ꜱᴡᴏʀᴅ1, Weight: 10.0) from Diamond Create (ID: golden)
[29/11/2023 02:28:01] FireGaMMerYT won ᴍᴀx ʟᴇɢɢɪɴɢs (ID: max_leg, Weight: 10.0) from Diamond Create (ID: golden)
[29/11/2023 02:28:43] FireGaMMerYT won x5 Diamond Block (ID: diamond_block, Weight: 11.0) from Emerald Crate (ID: emerald)
[29/11/2023 02:29:06] FireGaMMerYT won x5 Diamond Block (ID: diamond_block, Weight: 11.0) from Emerald Crate (ID: emerald)
[29/11/2023 13:14:43] Droid_OP won x5 Emerald Block (ID: emerald_block, Weight: 8.0) from Emerald Crate (ID: emerald)
[29/11/2023 13:14:59] Droid_OP won x5 Diamond Block (ID: diamond_block, Weight: 11.0) from Emerald Crate (ID: emerald)
[29/11/2023 13:15:06] Droid_OP won SafariNet (ID: safarinet, Weight: 15.0) from Gold Crate Crate (ID: gold_crate)
[29/11/2023 13:15:33] Droid_OP won ᴍᴀx ᴘɪᴄᴋᴀxᴇ ꜰᴏʀᴛᴜɴᴇ (ID: ᴍᴀx_ᴘɪᴄᴋᴀxᴇ_ꜰᴏʀᴛᴜɴᴇ, Weight: 5.0) from Diamond Create (ID: golden)
[29/11/2023 13:15:50] Droid_OP won ᴍᴀx ꜱʜᴏᴠᴇʟ (ID: ᴍᴀx_ꜱʜᴏᴠᴇʟ1, Weight: 10.0) from Diamond Create (ID: golden)
[29/11/2023 13:16:12] Droid_OP won Iron Hoe (ID: iron_hoe, Weight: 25.0) from Starter Crate (ID: starter_crate)
[30/11/2023 00:14:04] BMTAMILGAMING won Firework Rocket (ID: firework_rocket, Weight: 10.0) from Gold Crate Crate (ID: gold_crate)
[30/11/2023 00:14:07] BMTAMILGAMING won Iron Block (ID: iron_block, Weight: 10.0) from Gold Crate Crate (ID: gold_crate)
[30/11/2023 00:14:12] BMTAMILGAMING won silk (ID: ||_<ᴅᴇᴠɪɴᴇ>_||2, Weight: 8.0) from Emerald Crate (ID: emerald)
[30/11/2023 00:14:18] BMTAMILGAMING won x5 Diamond Block (ID: diamond_block, Weight: 11.0) from Emerald Crate (ID: emerald)
[30/11/2023 00:14:22] BMTAMILGAMING won silk (ID: ||_<ᴅᴇᴠɪɴᴇ>_||2, Weight: 8.0) from Emerald Crate (ID: emerald)
[30/11/2023 00:14:51] BMTAMILGAMING won ᴍᴀx ʙᴏᴏᴛs (ID: max_boots, Weight: 10.0) from Diamond Create (ID: golden)
[30/11/2023 00:14:54] BMTAMILGAMING won ᴍᴀx ʟᴇɢɢɪɴɢs (ID: ᴍᴀx_ʟᴇɢɢɪɴɢs, Weight: 5.0) from Diamond Create (ID: golden)
[30/11/2023 00:14:56] BMTAMILGAMING won ᴍᴀx ʙᴏᴏᴛs (ID: max_boots, Weight: 10.0) from Diamond Create (ID: golden)
[30/11/2023 12:36:37] IRUSH_MG1k won ᴍᴀx ᴄʜᴇsᴛᴘʟᴀᴛᴇ (ID: max_chestplate, Weight: 10.0) from Diamond Create (ID: golden)
[30/11/2023 12:36:38] IRUSH_MG1k won ᴍᴀx ᴘɪᴄᴋᴀxᴇ ꜱɪʟᴋ ᴛᴏᴜᴄʜ (ID: ᴍᴀx_ᴘɪᴄᴋᴀxᴇ_ꜱɪʟᴋ_ᴛᴏᴜᴄʜ1, Weight: 10.0) from Diamond Create (ID: golden)
[01/12/2023 11:51:35] IRUSH_MG1k won x5 Netherite Ingot (ID: netherite_ingot, Weight: 16.0) from Emerald Crate (ID: emerald)
[01/12/2023 11:51:36] IRUSH_MG1k won x5 Emerald Block (ID: emerald_block, Weight: 8.0) from Emerald Crate (ID: emerald)
[01/12/2023 11:51:37] IRUSH_MG1k won ◆ 30 Exp Levels ◆ (ID: exp30, Weight: 6.0) from Emerald Crate (ID: emerald)
[01/12/2023 11:51:38] IRUSH_MG1k won x5 Netherite Ingot (ID: netherite_ingot, Weight: 16.0) from Emerald Crate (ID: emerald)
[01/12/2023 11:51:55] IRUSH_MG1k won ᴍᴀx ᴘɪᴄᴋᴀxᴇ ꜱɪʟᴋ ᴛᴏᴜᴄʜ (ID: ᴍᴀx_ᴘɪᴄᴋᴀxᴇ_ꜱɪʟᴋ_ᴛᴏᴜᴄʜ1, Weight: 10.0) from Diamond Create (ID: golden)
[01/12/2023 11:51:56] IRUSH_MG1k won ᴍᴀx ꜱᴡᴏʀᴅ (ID: ᴍᴀx_ꜱᴡᴏʀᴅ1, Weight: 10.0) from Diamond Create (ID: golden)
[01/12/2023 11:51:58] IRUSH_MG1k won ᴍᴀx ꜱᴡᴏʀᴅ (ID: ᴍᴀx_ꜱᴡᴏʀᴅ1, Weight: 10.0) from Diamond Create (ID: golden)
[01/12/2023 11:52:28] IRUSH_MG1k won Diamond Pickaxe (ID: diamond_pickaxe, Weight: 10.0) from Gold Crate Crate (ID: gold_crate)
[01/12/2023 11:52:34] IRUSH_MG1k won SafariNet (ID: safarinet, Weight: 15.0) from Gold Crate Crate (ID: gold_crate)
[01/12/2023 23:41:49] TheWreker won ѕᴜᴘʀᴇᴍᴇ ʀᴀɴᴋ ᴠᴏᴜᴄʜᴇʀ (ID: 3, Weight: 1.0) from Emerald Crate (ID: emerald)
[01/12/2023 23:42:08] TheWreker won x8 Shulker Shell (ID: shulker_shell, Weight: 13.0) from Emerald Crate (ID: emerald)
[02/12/2023 00:04:24] TheWreker won Iron Axe (ID: iron_axe, Weight: 25.0) from Starter Crate (ID: starter_crate)
[02/12/2023 00:09:39] TheWreker won Oak Log (ID: oak_log, Weight: 10.0) from Gold Crate Crate (ID: gold_crate)
[02/12/2023 00:14:01] TheWreker won iron kit (ID: iron_chestplate, Weight: 10.0) from Gold Crate Crate (ID: gold_crate)
[02/12/2023 12:29:06] Liang09thesharq1 won iron kit (ID: iron_chestplate, Weight: 10.0) from Gold Crate Crate (ID: gold_crate)
[02/12/2023 13:25:49] Liang09thesharq1 won Diamond Pickaxe (ID: diamond_pickaxe, Weight: 10.0) from Gold Crate Crate (ID: gold_crate)
[02/12/2023 13:28:11] Liang09thesharq1 won SafariNet (ID: safarinet, Weight: 15.0) from Gold Crate Crate (ID: gold_crate)
[02/12/2023 15:41:21] TheWreker won 5000$ (ID: 5000$, Weight: 10.0) from Gold Crate Crate (ID: gold_crate)
[02/12/2023 15:50:51] TheWreker won ᴍᴀx ᴀxᴇ (ID: ᴍᴀx_ᴀxᴇ1, Weight: 10.0) from Diamond Create (ID: golden)
[02/12/2023 18:55:32] FireGaMMerYT won ᴘʟᴀʏᴇʀ ᴡᴀʀᴘ ᴛᴏᴋᴇɴ (ID: player_warp_token, Weight: 2.0) from Gold Crate Crate (ID: gold_crate)
[02/12/2023 18:55:33] FireGaMMerYT won Firework Rocket (ID: firework_rocket, Weight: 10.0) from Gold Crate Crate (ID: gold_crate)
[02/12/2023 18:55:36] FireGaMMerYT won Firework Rocket (ID: firework_rocket, Weight: 10.0) from Gold Crate Crate (ID: gold_crate)
[02/12/2023 18:55:39] FireGaMMerYT won Oak Log (ID: oak_log, Weight: 10.0) from Gold Crate Crate (ID: gold_crate)
[02/12/2023 18:55:41] FireGaMMerYT won  10000$ (ID: _10000$, Weight: 5.0) from Gold Crate Crate (ID: gold_crate)
[02/12/2023 18:55:44] FireGaMMerYT won SafariNet (ID: safarinet, Weight: 15.0) from Gold Crate Crate (ID: gold_crate)
[02/12/2023 18:55:48] FireGaMMerYT won Golden Apple (ID: golden_apple, Weight: 10.0) from Gold Crate Crate (ID: gold_crate)
[02/12/2023 19:45:20] Liang09thesharq1 won Iron Boots (ID: iron_boots, Weight: 25.0) from Starter Crate (ID: starter_crate)
[02/12/2023 21:05:15] AADIL won Iron Block (ID: iron_block, Weight: 10.0) from Gold Crate Crate (ID: gold_crate)
[02/12/2023 23:03:14] TheWreker won 5000$ (ID: 5000$, Weight: 10.0) from Gold Crate Crate (ID: gold_crate)
[02/12/2023 23:08:16] TheWreker won Golden Apple (ID: golden_apple, Weight: 10.0) from Gold Crate Crate (ID: gold_crate)
[03/12/2023 00:34:17] TheWreker won ᴍᴀx ᴀxᴇ (ID: ᴍᴀx_ᴀxᴇ1, Weight: 10.0) from Diamond Create (ID: golden)
[03/12/2023 00:34:46] TheWreker won ᴍᴀx ꜱʜᴏᴠᴇʟ (ID: ᴍᴀx_ꜱʜᴏᴠᴇʟ1, Weight: 10.0) from Diamond Create (ID: golden)
[03/12/2023 11:10:39] Divel_Singh won ᴍᴀx ʙᴏᴏᴛs (ID: max_boots, Weight: 10.0) from Diamond Create (ID: golden)
[03/12/2023 20:38:07] AADIL won SafariNet (Single-Use) (ID: safarinet_(single-use), Weight: 25.0) from Emerald Crate (ID: emerald)
[03/12/2023 20:38:10] AADIL won Elytra (ID: elytra, Weight: 9.0) from Emerald Crate (ID: emerald)
[03/12/2023 21:03:53] AADIL won ɢᴏʟᴅ ᴄʀᴀᴛᴇ ᴋᴇʏ (ID: ɢᴏʟᴅ_ᴄʀᴀᴛᴇ_ᴋᴇᴛ, Weight: 7.0) from Gold Crate Crate (ID: gold_crate)
[03/12/2023 21:04:06] AADIL won  10000$ (ID: _10000$, Weight: 5.0) from Gold Crate Crate (ID: gold_crate)
[03/12/2023 21:04:09] AADIL won Oak Log (ID: oak_log, Weight: 10.0) from Gold Crate Crate (ID: gold_crate)
[03/12/2023 21:04:13] AADIL won 24 ʜᴏᴜʀ ꜰʟʏ ᴠᴏᴜᴄʜᴇʀ (ID: fly_24_hrs_command_voucher, Weight: 0.9) from Gold Crate Crate (ID: gold_crate)
[03/12/2023 21:04:21] AADIL won iron kit (ID: iron_chestplate, Weight: 10.0) from Gold Crate Crate (ID: gold_crate)
[03/12/2023 21:04:26] AADIL won Diamond Armor (ID: diamond_chestplate, Weight: 5.0) from Gold Crate Crate (ID: gold_crate)
[03/12/2023 21:05:33] SenpaiSpider580 won Iron Sword (ID: iron_sword, Weight: 25.0) from Starter Crate (ID: starter_crate)
[03/12/2023 21:55:36] FireGaMMerYT won ᴍᴀx ᴘɪᴄᴋᴀxᴇ ꜱɪʟᴋ ᴛᴏᴜᴄʜ (ID: ᴍᴀx_ᴘɪᴄᴋᴀxᴇ_ꜱɪʟᴋ_ᴛᴏᴜᴄʜ1, Weight: 10.0) from Diamond Create (ID: golden)
[03/12/2023 21:55:55] FireGaMMerYT won ᴍᴀx ʜᴇʟᴍᴇᴛ (ID: max_helmet, Weight: 10.0) from Diamond Create (ID: golden)
[03/12/2023 21:59:40] FireGaMMerYT won Diamond Armor (ID: diamond_chestplate, Weight: 5.0) from Gold Crate Crate (ID: gold_crate)
[03/12/2023 21:59:43] FireGaMMerYT won iron kit (ID: iron_chestplate, Weight: 10.0) from Gold Crate Crate (ID: gold_crate)
[03/12/2023 21:59:46] FireGaMMerYT won Golden Apple (ID: golden_apple, Weight: 10.0) from Gold Crate Crate (ID: gold_crate)
[03/12/2023 21:59:56] FireGaMMerYT won Elytra (ID: elytra, Weight: 2.0) from Gold Crate Crate (ID: gold_crate)
[03/12/2023 21:59:57] FireGaMMerYT won Oak Log (ID: oak_log, Weight: 10.0) from Gold Crate Crate (ID: gold_crate)
[03/12/2023 22:00:00] FireGaMMerYT won Oak Log (ID: oak_log, Weight: 10.0) from Gold Crate Crate (ID: gold_crate)
[03/12/2023 22:00:01] FireGaMMerYT won Oak Log (ID: oak_log, Weight: 10.0) from Gold Crate Crate (ID: gold_crate)
[03/12/2023 22:10:25] AADIL won SafariNet (ID: safarinet, Weight: 15.0) from Gold Crate Crate (ID: gold_crate)
[03/12/2023 22:10:28] AADIL won  10000$ (ID: _10000$, Weight: 5.0) from Gold Crate Crate (ID: gold_crate)
[03/12/2023 22:10:37] AADIL won Iron Leggings (ID: iron_leggings, Weight: 25.0) from Starter Crate (ID: starter_crate)
[04/12/2023 00:10:01] TheWreker won Iron Block (ID: iron_block, Weight: 10.0) from Gold Crate Crate (ID: gold_crate)
[04/12/2023 00:10:20] TheWreker won Elytra (ID: elytra, Weight: 2.0) from Gold Crate Crate (ID: gold_crate)
[04/12/2023 00:10:42] TheWreker won ◆ 10 Exp Levels ◆ (ID: exp10, Weight: 8.0) from Emerald Crate (ID: emerald)
[04/12/2023 00:11:01] TheWreker won x5 Diamond Block (ID: diamond_block, Weight: 11.0) from Emerald Crate (ID: emerald)
[04/12/2023 00:11:19] TheWreker won x5 Emerald Block (ID: emerald_block, Weight: 8.0) from Emerald Crate (ID: emerald)
[04/12/2023 00:12:01] TheWreker won SafariNet (Single-Use) (ID: safarinet_(single-use), Weight: 25.0) from Emerald Crate (ID: emerald)
[04/12/2023 00:12:12] TheWreker won ᴍᴀx ʟᴇɢɢɪɴɢs (ID: max_leg, Weight: 10.0) from Diamond Create (ID: golden)
[04/12/2023 00:12:18] TheWreker won ᴍᴀx ʙᴏᴏᴛs (ID: max_boots, Weight: 10.0) from Diamond Create (ID: golden)
[04/12/2023 18:14:57] mabu_222 won Golden Apple (ID: golden_apple, Weight: 10.0) from Gold Crate Crate (ID: gold_crate)
[04/12/2023 18:15:04] mabu_222 won Firework Rocket (ID: firework_rocket, Weight: 10.0) from Gold Crate Crate (ID: gold_crate)
[04/12/2023 18:15:10] mabu_222 won ᴍᴀx ᴄʜᴇsᴛᴘʟᴀᴛᴇ (ID: max_chestplate, Weight: 10.0) from Diamond Create (ID: golden)
[04/12/2023 18:15:12] mabu_222 won ᴍᴀx ʜᴇʟᴍᴇᴛ (ID: max_helmet, Weight: 10.0) from Diamond Create (ID: golden)
[04/12/2023 18:15:16] mabu_222 won ᴍᴀx ꜱʜᴏᴠᴇʟ (ID: ᴍᴀx_ꜱʜᴏᴠᴇʟ, Weight: 5.0) from Diamond Create (ID: golden)
[04/12/2023 18:15:20] mabu_222 won ᴍᴀx ᴘɪᴄᴋᴀxᴇ ꜰᴏʀᴛᴜɴᴇ (ID: ᴍᴀx_ᴘɪᴄᴋᴀxᴇ_ꜰᴏʀᴛᴜɴᴇ, Weight: 5.0) from Diamond Create (ID: golden)
[04/12/2023 18:15:26] mabu_222 won ᴍᴀx ᴘɪᴄᴋᴀxᴇ ꜱɪʟᴋ ᴛᴏᴜᴄʜ (ID: ᴍᴀx_ᴘɪᴄᴋᴀxᴇ_ꜱɪʟᴋ_ᴛᴏᴜᴄʜ1, Weight: 10.0) from Diamond Create (ID: golden)
[04/12/2023 18:15:35] mabu_222 won silk (ID: ||_<ᴅᴇᴠɪɴᴇ>_||2, Weight: 8.0) from Emerald Crate (ID: emerald)
[04/12/2023 18:15:53] mabu_222 won x5 Emerald Block (ID: emerald_block, Weight: 8.0) from Emerald Crate (ID: emerald)
[04/12/2023 18:15:56] mabu_222 won ◆ 20 Exp Levels ◆ (ID: exp20, Weight: 7.0) from Emerald Crate (ID: emerald)
[04/12/2023 18:16:13] mabu_222 won ◆ 10 Exp Levels ◆ (ID: exp10, Weight: 8.0) from Emerald Crate (ID: emerald)
[04/12/2023 19:34:27] FireGaMMerYT won  10000$ (ID: _10000$, Weight: 5.0) from Gold Crate Crate (ID: gold_crate)
[04/12/2023 19:34:45] FireGaMMerYT won Diamond Armor (ID: diamond_chestplate, Weight: 5.0) from Gold Crate Crate (ID: gold_crate)
[04/12/2023 19:35:52] FireGaMMerYT won ᴍᴀx ᴘɪᴄᴋᴀxᴇ ꜱɪʟᴋ ᴛᴏᴜᴄʜ (ID: ᴍᴀx_ᴘɪᴄᴋᴀxᴇ_ꜱɪʟᴋ_ᴛᴏᴜᴄʜ, Weight: 5.0) from Diamond Create (ID: golden)
[04/12/2023 19:36:01] FireGaMMerYT won ᴍᴀx ꜱʜᴏᴠᴇʟ (ID: ᴍᴀx_ꜱʜᴏᴠᴇʟ1, Weight: 10.0) from Diamond Create (ID: golden)
[04/12/2023 19:36:10] FireGaMMerYT won ᴍᴀx ᴀxᴇ (ID: ᴍᴀx_ᴀxᴇ1, Weight: 10.0) from Diamond Create (ID: golden)
[04/12/2023 19:36:56] FireGaMMerYT won ◆ 20 Exp Levels ◆ (ID: exp20, Weight: 7.0) from Emerald Crate (ID: emerald)
[04/12/2023 19:37:20] FireGaMMerYT won x5 Diamond Block (ID: diamond_block, Weight: 11.0) from Emerald Crate (ID: emerald)
[04/12/2023 19:37:31] FireGaMMerYT won x5 Netherite Ingot (ID: netherite_ingot, Weight: 16.0) from Emerald Crate (ID: emerald)
[04/12/2023 19:38:52] FireGaMMerYT won ◆ 30 Exp Levels ◆ (ID: exp30, Weight: 6.0) from Emerald Crate (ID: emerald)
[05/12/2023 03:57:10] xXxdaliborxXx won Iron Hoe (ID: iron_hoe, Weight: 25.0) from Starter Crate (ID: starter_crate)
[05/12/2023 03:57:11] xXxdaliborxXx won Iron Ingot (ID: iron_ingot, Weight: 25.0) from Starter Crate (ID: starter_crate)
[05/12/2023 21:13:27] Divel_Singh won iron kit (ID: iron_chestplate, Weight: 10.0) from Gold Crate Crate (ID: gold_crate)
[05/12/2023 21:13:45] Divel_Singh won Elytra (ID: elytra, Weight: 2.0) from Gold Crate Crate (ID: gold_crate)
[05/12/2023 21:14:12] Divel_Singh won Golden Apple (ID: golden_apple, Weight: 10.0) from Gold Crate Crate (ID: gold_crate)
[05/12/2023 21:18:31] Divel_Singh won Pink Shulker Box (ID: pink_shulker_box, Weight: 5.0) from Gold Crate Crate (ID: gold_crate)
[05/12/2023 21:29:40] Divel_Singh won Iron Chestplate (ID: iron_chestplate, Weight: 25.0) from Starter Crate (ID: starter_crate)
[09/12/2023 12:22:34] Divel_Singh won Oak Log (ID: oak_log, Weight: 10.0) from Gold Crate Crate (ID: gold_crate)
[09/12/2023 12:23:54] Divel_Singh won Firework Rocket (ID: firework_rocket, Weight: 10.0) from Gold Crate Crate (ID: gold_crate)
[09/12/2023 12:25:00] Divel_Singh won Iron Block (ID: iron_block, Weight: 10.0) from Gold Crate Crate (ID: gold_crate)
[09/12/2023 12:26:27] Divel_Singh won Oak Log (ID: oak_log, Weight: 10.0) from Gold Crate Crate (ID: gold_crate)
[10/12/2023 17:31:35] TheWreker won ᴍᴀx ꜱʜᴏᴠᴇʟ (ID: ᴍᴀx_ꜱʜᴏᴠᴇʟ, Weight: 5.0) from Diamond Create (ID: golden)
[10/12/2023 19:05:31] AADIL won Iron Block (ID: iron_block, Weight: 10.0) from Gold Crate Crate (ID: gold_crate)
[10/12/2023 19:05:33] AADIL won Netherite Ingot (ID: netherite_ingot, Weight: 3.0) from Gold Crate Crate (ID: gold_crate)
[10/12/2023 19:05:34] AADIL won Golden Apple (ID: golden_apple, Weight: 10.0) from Gold Crate Crate (ID: gold_crate)
[10/12/2023 19:05:36] AADIL won Golden Apple (ID: golden_apple, Weight: 10.0) from Gold Crate Crate (ID: gold_crate)
[10/12/2023 19:05:37] AADIL won Diamond Pickaxe (ID: diamond_pickaxe, Weight: 10.0) from Gold Crate Crate (ID: gold_crate)
[10/12/2023 20:29:33] SGUmar won Bookshelf (ID: bookshelf, Weight: 25.0) from Starter Crate (ID: starter_crate)
[10/12/2023 23:22:56] Ayush7744 won Iron Hoe (ID: iron_hoe, Weight: 25.0) from Starter Crate (ID: starter_crate)
[14/12/2023 16:11:14] TheWreker won Elytra (ID: elytra, Weight: 2.0) from Gold Crate Crate (ID: gold_crate)
[15/12/2023 22:20:21] TheWreker won SafariNet (ID: safarinet, Weight: 15.0) from Gold Crate Crate (ID: gold_crate)
[15/12/2023 22:22:00] TheWreker won SafariNet (ID: safarinet, Weight: 15.0) from Gold Crate Crate (ID: gold_crate)
[15/12/2023 22:24:12] TheWreker won Firework Rocket (ID: firework_rocket, Weight: 10.0) from Gold Crate Crate (ID: gold_crate)
[16/12/2023 17:23:53] TheWreker won iron kit (ID: iron_chestplate, Weight: 10.0) from Gold Crate Crate (ID: gold_crate)
[16/12/2023 17:25:17] TheWreker won Pink Shulker Box (ID: pink_shulker_box, Weight: 5.0) from Gold Crate Crate (ID: gold_crate)
[16/12/2023 17:28:51] TheWreker won SafariNet (ID: safarinet, Weight: 15.0) from Gold Crate Crate (ID: gold_crate)
[17/12/2023 17:09:29] lyangae won ᴍᴀx ᴀxᴇ (ID: ᴍᴀx_ᴀxᴇ, Weight: 5.0) from Diamond Create (ID: golden)
[17/12/2023 17:09:51] lyangae won ᴍᴀx ꜱᴡᴏʀᴅ (ID: ᴍᴀx_ꜱᴡᴏʀᴅ, Weight: 5.0) from Diamond Create (ID: golden)
[17/12/2023 19:19:00] AADIL won Diamond Armor (ID: diamond_chestplate, Weight: 5.0) from Gold Crate Crate (ID: gold_crate)
[17/12/2023 19:19:07] AADIL won Pink Shulker Box (ID: pink_shulker_box, Weight: 5.0) from Gold Crate Crate (ID: gold_crate)
[17/12/2023 19:19:10] AADIL won Pink Shulker Box (ID: pink_shulker_box, Weight: 5.0) from Gold Crate Crate (ID: gold_crate)
[17/12/2023 19:19:13] AADIL won Golden Apple (ID: golden_apple, Weight: 10.0) from Gold Crate Crate (ID: gold_crate)
[17/12/2023 22:08:30] TheWreker won iron kit (ID: iron_chestplate, Weight: 10.0) from Gold Crate Crate (ID: gold_crate)
[19/12/2023 01:28:56] KillerMS won ᴅɪᴀᴍᴏɴᴅ ᴄʀᴀᴛᴇ ᴋᴇʏ (ID: ᴅɪᴀᴍᴏɴᴅ_ᴄʀᴀᴛᴇ_ᴋᴇᴛ, Weight: 0.2) from Gold Crate Crate (ID: gold_crate)
[19/12/2023 01:29:16] KillerMS won ᴍᴀx ᴘɪᴄᴋᴀxᴇ ꜰᴏʀᴛᴜɴᴇ (ID: ᴍᴀx_ᴘɪᴄᴋᴀxᴇ_ꜰᴏʀᴛᴜɴᴇ, Weight: 5.0) from Diamond Create (ID: golden)
[19/12/2023 19:10:40] FireGaMMerYT won Iron Helmet (ID: iron_helmet, Weight: 25.0) from Starter Crate (ID: starter_crate)
[19/12/2023 19:10:41] FireGaMMerYT won Iron Ingot (ID: iron_ingot, Weight: 25.0) from Starter Crate (ID: starter_crate)
[19/12/2023 19:10:41] FireGaMMerYT won Cooked Beef (ID: cooked_beef, Weight: 25.0) from Starter Crate (ID: starter_crate)
[19/12/2023 19:10:52] FireGaMMerYT won Diamond (ID: diamond, Weight: 25.0) from Starter Crate (ID: starter_crate)
[20/12/2023 18:55:03] lyangae won Cooked Porkchop (ID: cooked_porkchop, Weight: 25.0) from Starter Crate (ID: starter_crate)
[20/12/2023 18:55:21] lyangae won Cooked Porkchop (ID: cooked_porkchop, Weight: 25.0) from Starter Crate (ID: starter_crate)
[20/12/2023 18:55:39] lyangae won Iron Ingot (ID: iron_ingot, Weight: 25.0) from Starter Crate (ID: starter_crate)
[20/12/2023 18:56:00] lyangae won Iron Ingot (ID: iron_ingot, Weight: 25.0) from Starter Crate (ID: starter_crate)
[20/12/2023 18:56:04] lyangae won Diamond (ID: diamond, Weight: 25.0) from Starter Crate (ID: starter_crate)
[20/12/2023 18:56:34] lyangae won ᴍᴀx ᴄʜᴇsᴛᴘʟᴀᴛᴇ (ID: max_chestplate, Weight: 10.0) from Diamond Create (ID: golden)
[20/12/2023 18:56:53] lyangae won ᴍᴀx ʟᴇɢɢɪɴɢs (ID: max_leg, Weight: 10.0) from Diamond Create (ID: golden)
[20/12/2023 18:57:10] lyangae won ᴍᴀx ʟᴇɢɢɪɴɢs (ID: ᴍᴀx_ʟᴇɢɢɪɴɢs, Weight: 5.0) from Diamond Create (ID: golden)
[20/12/2023 18:57:33] lyangae won Oak Log (ID: oak_log, Weight: 10.0) from Gold Crate Crate (ID: gold_crate)
[20/12/2023 18:57:39] lyangae won  10000$ (ID: _10000$, Weight: 5.0) from Gold Crate Crate (ID: gold_crate)
[20/12/2023 18:57:48] lyangae won x5 Diamond Block (ID: diamond_block, Weight: 11.0) from Emerald Crate (ID: emerald)
[20/12/2023 18:57:51] lyangae won ◆ 30 Exp Levels ◆ (ID: exp30, Weight: 6.0) from Emerald Crate (ID: emerald)
[20/12/2023 18:57:54] lyangae won x5 Netherite Ingot (ID: netherite_ingot, Weight: 16.0) from Emerald Crate (ID: emerald)
[20/12/2023 18:57:58] lyangae won Trident (ID: trident, Weight: 15.0) from Emerald Crate (ID: emerald)
[20/12/2023 19:45:30] TheWreker won ᴘʟᴀʏᴇʀ ᴡᴀʀᴘ ᴛᴏᴋᴇɴ (ID: player_warp_token, Weight: 2.0) from Gold Crate Crate (ID: gold_crate)
[22/12/2023 17:03:44] AADIL won ᴍᴀx ꜱʜᴏᴠᴇʟ (ID: ᴍᴀx_ꜱʜᴏᴠᴇʟ, Weight: 5.0) from Diamond Create (ID: golden)
[22/12/2023 17:03:49] AADIL won ᴍᴀx ꜱᴡᴏʀᴅ (ID: ᴍᴀx_ꜱᴡᴏʀᴅ, Weight: 5.0) from Diamond Create (ID: golden)
[22/12/2023 17:03:54] AADIL won ᴍᴀx ꜱʜᴏᴠᴇʟ (ID: ᴍᴀx_ꜱʜᴏᴠᴇʟ, Weight: 5.0) from Diamond Create (ID: golden)
[22/12/2023 17:03:57] AADIL won ᴍᴀx ᴘɪᴄᴋᴀxᴇ ꜱɪʟᴋ ᴛᴏᴜᴄʜ (ID: ᴍᴀx_ᴘɪᴄᴋᴀxᴇ_ꜱɪʟᴋ_ᴛᴏᴜᴄʜ1, Weight: 10.0) from Diamond Create (ID: golden)
[22/12/2023 17:04:26] AADIL won Diamond (ID: diamond, Weight: 25.0) from Starter Crate (ID: starter_crate)
[28/12/2023 19:06:35] itiskk won Oak Log (ID: oak_log, Weight: 25.0) from Starter Crate (ID: starter_crate)
[02/01/2024 14:45:45] BMTAMILGAMING won Iron Ingot (ID: iron_ingot, Weight: 25.0) from Starter Crate (ID: starter_crate)
[02/01/2024 17:02:15] Divel_Singh won x5 Diamond Block (ID: diamond_block, Weight: 11.0) from Emerald Crate (ID: emerald)
[02/01/2024 17:02:37] Divel_Singh won ɪɴᴅɪ ѕʜᴏᴘ ᴄʜᴇѕᴛ (ID: ɪɴᴅɪ_ѕʜᴏᴘ_ᴄʜᴇѕᴛ, Weight: 5.0) from Emerald Crate (ID: emerald)
[02/01/2024 17:03:30] Divel_Singh won ᴍᴀx ꜱʜᴏᴠᴇʟ (ID: ᴍᴀx_ꜱʜᴏᴠᴇʟ1, Weight: 10.0) from Diamond Create (ID: golden)
[02/01/2024 17:03:49] Divel_Singh won ᴍᴀx ᴄʜᴇsᴛᴘʟᴀᴛᴇ (ID: max_chestplate, Weight: 10.0) from Diamond Create (ID: golden)
[02/01/2024 19:25:37] TheWreker won Iron Block (ID: iron_block, Weight: 10.0) from Gold Crate Crate (ID: gold_crate)
[03/01/2024 18:42:26] TheWreker won SafariNet (ID: safarinet, Weight: 15.0) from Gold Crate Crate (ID: gold_crate)
[03/01/2024 23:26:31] TheWreker won Firework Rocket (ID: firework_rocket, Weight: 10.0) from Gold Crate Crate (ID: gold_crate)
[04/01/2024 19:59:49] TheWreker won ɢᴏʟᴅ ᴄʀᴀᴛᴇ ᴋᴇʏ (ID: ɢᴏʟᴅ_ᴄʀᴀᴛᴇ_ᴋᴇᴛ, Weight: 7.0) from Gold Crate Crate (ID: gold_crate)
[04/01/2024 20:00:04] TheWreker won Diamond Pickaxe (ID: diamond_pickaxe, Weight: 10.0) from Gold Crate Crate (ID: gold_crate)
[04/01/2024 20:00:28] TheWreker won Diamond Armor (ID: diamond_chestplate, Weight: 5.0) from Gold Crate Crate (ID: gold_crate)
[04/01/2024 20:00:31] TheWreker won Golden Apple (ID: golden_apple, Weight: 10.0) from Gold Crate Crate (ID: gold_crate)
[04/01/2024 20:03:13] TheWreker won Diamond Pickaxe (ID: diamond_pickaxe, Weight: 10.0) from Gold Crate Crate (ID: gold_crate)
[05/01/2024 21:48:18] TheWreker won SafariNet (ID: safarinet, Weight: 15.0) from Gold Crate Crate (ID: gold_crate)
[05/01/2024 22:59:38] TheWreker won Oak Log (ID: oak_log, Weight: 10.0) from Gold Crate Crate (ID: gold_crate)
[05/01/2024 22:59:58] TheWreker won iron kit (ID: iron_chestplate, Weight: 10.0) from Gold Crate Crate (ID: gold_crate)
[07/01/2024 14:56:41] FireGaMMerYT won Diamond Armor (ID: diamond_chestplate, Weight: 5.0) from Gold Crate Crate (ID: gold_crate)
[07/01/2024 14:56:45] FireGaMMerYT won Oak Log (ID: oak_log, Weight: 10.0) from Gold Crate Crate (ID: gold_crate)
[07/01/2024 14:56:47] FireGaMMerYT won Golden Apple (ID: golden_apple, Weight: 10.0) from Gold Crate Crate (ID: gold_crate)
[08/01/2024 18:33:41] TheWreker won Netherite Ingot (ID: netherite_ingot, Weight: 3.0) from Gold Crate Crate (ID: gold_crate)
[08/01/2024 18:34:55] TheWreker won SafariNet (ID: safarinet, Weight: 15.0) from Gold Crate Crate (ID: gold_crate)
[14/01/2024 17:20:30] FireGaMMerYT won ᴍᴀx ꜱʜᴏᴠᴇʟ (ID: ᴍᴀx_ꜱʜᴏᴠᴇʟ1, Weight: 10.0) from Diamond Create (ID: golden)
[14/01/2024 17:20:34] FireGaMMerYT won ᴍᴀx ʟᴇɢɢɪɴɢs (ID: max_leg, Weight: 10.0) from Diamond Create (ID: golden)
[14/01/2024 17:20:43] FireGaMMerYT won $50,000 (ID: $50,000, Weight: 2.0) from Emerald Crate (ID: emerald)
[14/01/2024 17:20:48] FireGaMMerYT won $10,000 (ID: $10,000, Weight: 6.0) from Emerald Crate (ID: emerald)
[19/01/2024 15:49:41] FireGaMMerYT won iron kit (ID: iron_chestplate, Weight: 10.0) from Gold Crate Crate (ID: gold_crate)
[19/01/2024 15:49:57] FireGaMMerYT won iron kit (ID: iron_chestplate, Weight: 10.0) from Gold Crate Crate (ID: gold_crate)
[19/01/2024 15:50:06] FireGaMMerYT won Iron Block (ID: iron_block, Weight: 10.0) from Gold Crate Crate (ID: gold_crate)
[19/01/2024 15:50:08] FireGaMMerYT won SafariNet (ID: safarinet, Weight: 15.0) from Gold Crate Crate (ID: gold_crate)
[19/01/2024 15:50:12] FireGaMMerYT won Enchanted Golden Apple (ID: enchanted_golden_apple, Weight: 3.0) from Gold Crate Crate (ID: gold_crate)
[19/01/2024 15:50:14] FireGaMMerYT won Diamond Armor (ID: diamond_chestplate, Weight: 5.0) from Gold Crate Crate (ID: gold_crate)
[19/01/2024 15:50:56] FireGaMMerYT won iron kit (ID: iron_chestplate, Weight: 10.0) from Gold Crate Crate (ID: gold_crate)
[19/01/2024 15:51:25] FireGaMMerYT won ᴍᴀx ʙᴏᴏᴛs (ID: max_boots, Weight: 10.0) from Diamond Create (ID: golden)
[19/01/2024 15:51:28] FireGaMMerYT won ᴍᴀx ᴘɪᴄᴋᴀxᴇ ꜱɪʟᴋ ᴛᴏᴜᴄʜ (ID: ᴍᴀx_ᴘɪᴄᴋᴀxᴇ_ꜱɪʟᴋ_ᴛᴏᴜᴄʜ1, Weight: 10.0) from Diamond Create (ID: golden)
[20/01/2024 13:22:12] AADIL won Iron Block (ID: iron_block, Weight: 10.0) from Gold Crate Crate (ID: gold_crate)
[20/01/2024 13:22:16] AADIL won iron kit (ID: iron_chestplate, Weight: 10.0) from Gold Crate Crate (ID: gold_crate)
[20/01/2024 13:22:22] AADIL won ◆ 30 Exp Levels ◆ (ID: exp30, Weight: 6.0) from Emerald Crate (ID: emerald)
[20/01/2024 13:22:25] AADIL won ◆ 30 Exp Levels ◆ (ID: exp30, Weight: 6.0) from Emerald Crate (ID: emerald)
[20/01/2024 13:22:28] AADIL won x32 Golden Apple (ID: golden_apple, Weight: 14.0) from Emerald Crate (ID: emerald)
[20/01/2024 13:22:30] AADIL won fortune 4 (ID: ||_<ᴅᴇᴠɪɴᴇ>_||, Weight: 5.0) from Emerald Crate (ID: emerald)
[20/01/2024 13:22:45] AADIL won ᴍᴀx ᴘɪᴄᴋᴀxᴇ ꜱɪʟᴋ ᴛᴏᴜᴄʜ (ID: ᴍᴀx_ᴘɪᴄᴋᴀxᴇ_ꜱɪʟᴋ_ᴛᴏᴜᴄʜ1, Weight: 10.0) from Diamond Create (ID: golden)
[20/01/2024 13:22:51] AADIL won ᴍᴀx ᴘɪᴄᴋᴀxᴇ ꜱɪʟᴋ ᴛᴏᴜᴄʜ (ID: ᴍᴀx_ᴘɪᴄᴋᴀxᴇ_ꜱɪʟᴋ_ᴛᴏᴜᴄʜ1, Weight: 10.0) from Diamond Create (ID: golden)
[20/01/2024 13:23:43] BMTAMILGAMING won Elytra (ID: elytra, Weight: 9.0) from Emerald Crate (ID: emerald)
[20/01/2024 13:23:53] AADIL won !!!Lᴇɢᴇɴᴅᴀʀʏ Fᴏʀᴛᴜɴᴇ Pɪᴄᴋᴀxᴇ!!! (ID: !!!lᴇɢᴇɴᴅᴀʀʏ_fᴏʀᴛᴜɴᴇ_pɪᴄᴋᴀxᴇ!!!, Weight: 2.0) from Diamond Create (ID: golden)
[20/01/2024 21:27:06] notrexy won Diamond (ID: diamond, Weight: 25.0) from Starter Crate (ID: starter_crate)
[21/01/2024 00:05:49] FireGaMMerYT won Pink Shulker Box (ID: pink_shulker_box, Weight: 5.0) from Gold Crate Crate (ID: gold_crate)
[21/01/2024 00:05:56] FireGaMMerYT won SafariNet (ID: safarinet, Weight: 15.0) from Gold Crate Crate (ID: gold_crate)
[21/01/2024 00:06:16] FireGaMMerYT won ᴍᴀx ᴘɪᴄᴋᴀxᴇ ꜱɪʟᴋ ᴛᴏᴜᴄʜ (ID: ᴍᴀx_ᴘɪᴄᴋᴀxᴇ_ꜱɪʟᴋ_ᴛᴏᴜᴄʜ, Weight: 5.0) from Diamond Create (ID: golden)
[21/01/2024 00:06:26] FireGaMMerYT won ᴍᴀx ᴘɪᴄᴋᴀxᴇ ꜱɪʟᴋ ᴛᴏᴜᴄʜ (ID: ᴍᴀx_ᴘɪᴄᴋᴀxᴇ_ꜱɪʟᴋ_ᴛᴏᴜᴄʜ1, Weight: 10.0) from Diamond Create (ID: golden)
[21/01/2024 00:06:36] FireGaMMerYT won ᴍᴀx ʜᴇʟᴍᴇᴛ (ID: max_helmet, Weight: 10.0) from Diamond Create (ID: golden)
[21/01/2024 00:07:04] FireGaMMerYT won demon slayer (ID: 1, Weight: 3.0) from Emerald Crate (ID: emerald)
[21/01/2024 00:07:45] FireGaMMerYT won ◆ 10 Exp Levels ◆ (ID: exp10, Weight: 8.0) from Emerald Crate (ID: emerald)
[21/01/2024 00:08:07] FireGaMMerYT won x5 Emerald Block (ID: emerald_block, Weight: 8.0) from Emerald Crate (ID: emerald)
[21/01/2024 00:09:03] FireGaMMerYT won $10,000 (ID: $10,000, Weight: 6.0) from Emerald Crate (ID: emerald)
[21/01/2024 20:41:23] AADIL won ɢᴏʟᴅ ᴄʀᴀᴛᴇ ᴋᴇʏ (ID: ɢᴏʟᴅ_ᴄʀᴀᴛᴇ_ᴋᴇᴛ, Weight: 7.0) from Gold Crate Crate (ID: gold_crate)
[21/01/2024 20:41:31] AADIL won Diamond Pickaxe (ID: diamond_pickaxe, Weight: 10.0) from Gold Crate Crate (ID: gold_crate)
[21/01/2024 20:41:32] AADIL won Firework Rocket (ID: firework_rocket, Weight: 10.0) from Gold Crate Crate (ID: gold_crate)
[21/01/2024 20:41:51] AADIL won Diamond Pickaxe (ID: diamond_pickaxe, Weight: 10.0) from Gold Crate Crate (ID: gold_crate)
[21/01/2024 20:41:54] AADIL won Diamond Armor (ID: diamond_chestplate, Weight: 5.0) from Gold Crate Crate (ID: gold_crate)
[21/01/2024 20:41:56] AADIL won Diamond Armor (ID: diamond_chestplate, Weight: 5.0) from Gold Crate Crate (ID: gold_crate)
[21/01/2024 20:42:35] AADIL won Netherite Ingot (ID: netherite_ingot, Weight: 3.0) from Gold Crate Crate (ID: gold_crate)
[21/01/2024 20:42:37] AADIL won Diamond Pickaxe (ID: diamond_pickaxe, Weight: 10.0) from Gold Crate Crate (ID: gold_crate)
[21/01/2024 20:42:40] AADIL won iron kit (ID: iron_chestplate, Weight: 10.0) from Gold Crate Crate (ID: gold_crate)
[23/01/2024 16:07:58] mabu_222 won Diamond (ID: diamond, Weight: 25.0) from Starter Crate (ID: starter_crate)
[25/01/2024 21:22:34] TheWreker won ᴍᴀx ᴄʜᴇsᴛᴘʟᴀᴛᴇ (ID: max_chestplate, Weight: 10.0) from Diamond Create (ID: golden)
[25/01/2024 21:22:35] TheWreker won ᴍᴀx ʜᴇʟᴍᴇᴛ (ID: max_helmet, Weight: 10.0) from Diamond Create (ID: golden)
[25/01/2024 21:22:37] TheWreker won ᴍᴀx ᴘɪᴄᴋᴀxᴇ ꜱɪʟᴋ ᴛᴏᴜᴄʜ (ID: ᴍᴀx_ᴘɪᴄᴋᴀxᴇ_ꜱɪʟᴋ_ᴛᴏᴜᴄʜ, Weight: 5.0) from Diamond Create (ID: golden)
[10/02/2024 15:52:42] Alt_killer_7 won iron kit (ID: iron_chestplate, Weight: 10.0) from Gold Crate Crate (ID: gold_crate)
[10/02/2024 15:54:08] Alt_killer_7 won  10000$ (ID: _10000$, Weight: 5.0) from Gold Crate Crate (ID: gold_crate)
[10/02/2024 15:54:09] Alt_killer_7 won Diamond Pickaxe (ID: diamond_pickaxe, Weight: 10.0) from Gold Crate Crate (ID: gold_crate)
[10/02/2024 15:54:14] Alt_killer_7 won iron kit (ID: iron_chestplate, Weight: 10.0) from Gold Crate Crate (ID: gold_crate)
